c:\users\dell\onedrive - sudhir srivastava innovations pvt. ltd\abhinay's workspace\project-x\libraries\code-x\x64\debug\vc143.pdb
c:\users\dell\onedrive - sudhir srivastava innovations pvt. ltd\abhinay's workspace\project-x\libraries\code-x\x64\debug\vc143.idb
c:\users\dell\onedrive - sudhir srivastava innovations pvt. ltd\abhinay's workspace\project-x\libraries\code-x\x64\debug\hypsometry.obj
c:\users\dell\onedrive - sudhir srivastava innovations pvt. ltd\abhinay's workspace\project-x\libraries\code-x\x64\debug\main.obj
c:\users\dell\onedrive - sudhir srivastava innovations pvt. ltd\abhinay's workspace\project-x\libraries\code-x\x64\debug\code-x.pdb
c:\users\dell\onedrive - sudhir srivastava innovations pvt. ltd\abhinay's workspace\project-x\libraries\code-x\x64\debug\code-x.tlog\cl.command.1.tlog
c:\users\dell\onedrive - sudhir srivastava innovations pvt. ltd\abhinay's workspace\project-x\libraries\code-x\x64\debug\code-x.tlog\cl.items.tlog
c:\users\dell\onedrive - sudhir srivastava innovations pvt. ltd\abhinay's workspace\project-x\libraries\code-x\x64\debug\code-x.tlog\cl.read.1.tlog
c:\users\dell\onedrive - sudhir srivastava innovations pvt. ltd\abhinay's workspace\project-x\libraries\code-x\x64\debug\code-x.tlog\cl.write.1.tlog
c:\users\dell\onedrive - sudhir srivastava innovations pvt. ltd\abhinay's workspace\project-x\libraries\code-x\x64\debug\code-x.tlog\link-cvtres.read.1.tlog
c:\users\dell\onedrive - sudhir srivastava innovations pvt. ltd\abhinay's workspace\project-x\libraries\code-x\x64\debug\code-x.tlog\link-cvtres.write.1.tlog
c:\users\dell\onedrive - sudhir srivastava innovations pvt. ltd\abhinay's workspace\project-x\libraries\code-x\x64\debug\code-x.tlog\link-rc.read.1.tlog
c:\users\dell\onedrive - sudhir srivastava innovations pvt. ltd\abhinay's workspace\project-x\libraries\code-x\x64\debug\code-x.tlog\link-rc.write.1.tlog
c:\users\dell\onedrive - sudhir srivastava innovations pvt. ltd\abhinay's workspace\project-x\libraries\code-x\x64\debug\code-x.tlog\link.14216-cvtres.read.1.tlog
c:\users\dell\onedrive - sudhir srivastava innovations pvt. ltd\abhinay's workspace\project-x\libraries\code-x\x64\debug\code-x.tlog\link.14216-cvtres.write.1.tlog
c:\users\dell\onedrive - sudhir srivastava innovations pvt. ltd\abhinay's workspace\project-x\libraries\code-x\x64\debug\code-x.tlog\link.14216-rc.read.1.tlog
c:\users\dell\onedrive - sudhir srivastava innovations pvt. ltd\abhinay's workspace\project-x\libraries\code-x\x64\debug\code-x.tlog\link.14216-rc.write.1.tlog
c:\users\dell\onedrive - sudhir srivastava innovations pvt. ltd\abhinay's workspace\project-x\libraries\code-x\x64\debug\code-x.tlog\link.14216.read.1.tlog
c:\users\dell\onedrive - sudhir srivastava innovations pvt. ltd\abhinay's workspace\project-x\libraries\code-x\x64\debug\code-x.tlog\link.14216.read.2.tlog
c:\users\dell\onedrive - sudhir srivastava innovations pvt. ltd\abhinay's workspace\project-x\libraries\code-x\x64\debug\code-x.tlog\link.14216.write.1.tlog
c:\users\dell\onedrive - sudhir srivastava innovations pvt. ltd\abhinay's workspace\project-x\libraries\code-x\x64\debug\code-x.tlog\link.command.1.tlog
c:\users\dell\onedrive - sudhir srivastava innovations pvt. ltd\abhinay's workspace\project-x\libraries\code-x\x64\debug\code-x.tlog\link.read.1.tlog
c:\users\dell\onedrive - sudhir srivastava innovations pvt. ltd\abhinay's workspace\project-x\libraries\code-x\x64\debug\code-x.tlog\link.read.2.tlog
c:\users\dell\onedrive - sudhir srivastava innovations pvt. ltd\abhinay's workspace\project-x\libraries\code-x\x64\debug\code-x.tlog\link.read.3.tlog
c:\users\dell\onedrive - sudhir srivastava innovations pvt. ltd\abhinay's workspace\project-x\libraries\code-x\x64\debug\code-x.tlog\link.write.1.tlog
