P, z_0, z_0L, z_0g_exact, z_0g_approx, z_0Lg_approx
101325, -0, -0, -0, 0, 0
101275, 4.16321, 4.16301, 4.16321, 4.16321, 4.16301
101225, 8.32847, 8.32769, 8.32848, 8.32848, 8.3277
101175, 12.4958, 12.494, 12.4958, 12.4958, 12.4941
101125, 16.6652, 16.662, 16.6652, 16.6652, 16.6621
101075, 20.8366, 20.8317, 20.8367, 20.8367, 20.8318
101025, 25.0101, 25.0031, 25.0102, 25.0102, 25.0032
100975, 29.1857, 29.1761, 29.1858, 29.1858, 29.1762
100925, 33.3633, 33.3508, 33.3635, 33.3635, 33.351
100875, 37.543, 37.5272, 37.5433, 37.5433, 37.5274
100825, 41.7248, 41.7052, 41.7251, 41.7251, 41.7055
100775, 45.9087, 45.8849, 45.909, 45.909, 45.8853
100725, 50.0946, 50.0663, 50.095, 50.095, 50.0667
100675, 54.2826, 54.2494, 54.2831, 54.2831, 54.2499
100625, 58.4727, 58.4342, 58.4733, 58.4733, 58.4347
100575, 62.6649, 62.6206, 62.6655, 62.6655, 62.6212
100525, 66.8592, 66.8088, 66.8599, 66.8599, 66.8095
100475, 71.0555, 70.9986, 71.0563, 71.0563, 70.9994
100425, 75.2539, 75.1901, 75.2548, 75.2548, 75.191
100375, 79.4545, 79.3833, 79.4555, 79.4555, 79.3843
100325, 83.6571, 83.5782, 83.6582, 83.6582, 83.5793
100275, 87.8618, 87.7748, 87.863, 87.863, 87.776
100225, 92.0686, 91.9731, 92.07, 92.07, 91.9744
100175, 96.2775, 96.1731, 96.279, 96.279, 96.1745
100125, 100.489, 100.375, 100.49, 100.49, 100.376
100075, 104.702, 104.578, 104.703, 104.703, 104.58
100025, 108.917, 108.783, 108.919, 108.919, 108.785
99975, 113.134, 112.99, 113.136, 113.136, 112.992
99925, 117.354, 117.198, 117.356, 117.356, 117.201
99875, 121.575, 121.409, 121.578, 121.578, 121.411
99825, 125.799, 125.621, 125.801, 125.801, 125.623
99775, 130.025, 129.834, 130.027, 130.027, 129.837
99725, 134.253, 134.049, 134.255, 134.255, 134.052
99675, 138.483, 138.266, 138.486, 138.486, 138.269
99625, 142.715, 142.485, 142.718, 142.718, 142.488
99575, 146.949, 146.706, 146.952, 146.952, 146.709
99525, 151.185, 150.928, 151.189, 151.189, 150.931
99475, 155.424, 155.152, 155.428, 155.428, 155.156
99425, 159.665, 159.377, 159.669, 159.669, 159.381
99375, 163.907, 163.605, 163.912, 163.912, 163.609
99325, 168.152, 167.834, 168.157, 168.157, 167.838
99275, 172.399, 172.065, 172.404, 172.404, 172.069
99225, 176.648, 176.297, 176.653, 176.653, 176.302
99175, 180.9, 180.531, 180.905, 180.905, 180.536
99125, 185.153, 184.767, 185.159, 185.159, 184.773
99075, 189.409, 189.005, 189.415, 189.415, 189.01
99025, 193.667, 193.244, 193.673, 193.673, 193.25
98975, 197.927, 197.485, 197.933, 197.933, 197.492
98925, 202.189, 201.728, 202.195, 202.195, 201.735
98875, 206.453, 205.973, 206.46, 206.46, 205.98
98825, 210.719, 210.219, 210.726, 210.726, 210.226
98775, 214.988, 214.467, 214.995, 214.995, 214.475
98725, 219.259, 218.717, 219.266, 219.266, 218.725
98675, 223.531, 222.969, 223.539, 223.539, 222.977
98625, 227.807, 227.222, 227.815, 227.815, 227.23
98575, 232.084, 231.477, 232.092, 232.092, 231.486
98525, 236.363, 235.734, 236.372, 236.372, 235.743
98475, 240.645, 239.993, 240.654, 240.654, 240.002
98425, 244.928, 244.253, 244.938, 244.938, 244.262
98375, 249.214, 248.515, 249.224, 249.224, 248.525
98325, 253.502, 252.779, 253.512, 253.512, 252.789
98275, 257.793, 257.045, 257.803, 257.803, 257.055
98225, 262.085, 261.312, 262.096, 262.096, 261.323
98175, 266.38, 265.581, 266.391, 266.391, 265.592
98125, 270.677, 269.852, 270.688, 270.688, 269.863
98075, 274.976, 274.125, 274.987, 274.987, 274.136
98025, 279.277, 278.399, 279.289, 279.289, 278.411
97975, 283.58, 282.675, 283.593, 283.593, 282.688
97925, 287.886, 286.953, 287.899, 287.899, 286.966
97875, 292.194, 291.233, 292.207, 292.207, 291.246
97825, 296.504, 295.514, 296.517, 296.517, 295.528
97775, 300.816, 299.797, 300.83, 300.83, 299.812
97725, 305.13, 304.082, 305.145, 305.145, 304.097
97675, 309.447, 308.369, 309.462, 309.462, 308.384
97625, 313.766, 312.658, 313.781, 313.781, 312.673
97575, 318.087, 316.948, 318.103, 318.103, 316.964
97525, 322.41, 321.24, 322.426, 322.426, 321.256
97475, 326.735, 325.534, 326.752, 326.752, 325.551
97425, 331.063, 329.83, 331.08, 331.08, 329.847
97375, 335.393, 334.127, 335.411, 335.411, 334.145
97325, 339.725, 338.427, 339.743, 339.743, 338.445
97275, 344.059, 342.728, 344.078, 344.078, 342.746
97225, 348.396, 347.031, 348.415, 348.415, 347.049
97175, 352.735, 351.335, 352.754, 352.754, 351.355
97125, 357.076, 355.642, 357.096, 357.096, 355.661
97075, 361.419, 359.95, 361.44, 361.44, 359.97
97025, 365.765, 364.26, 365.786, 365.786, 364.281
96975, 370.112, 368.572, 370.134, 370.134, 368.593
96925, 374.462, 372.885, 374.484, 374.484, 372.907
96875, 378.815, 377.201, 378.837, 378.837, 377.223
96825, 383.169, 381.518, 383.192, 383.192, 381.541
96775, 387.526, 385.837, 387.55, 387.55, 385.86
96725, 391.885, 390.158, 391.909, 391.909, 390.182
96675, 396.246, 394.481, 396.271, 396.271, 394.505
96625, 400.61, 398.805, 400.635, 400.635, 398.83
96575, 404.975, 403.131, 405.001, 405.001, 403.157
96525, 409.343, 407.459, 409.37, 409.37, 407.485
96475, 413.714, 411.789, 413.741, 413.741, 411.816
96425, 418.086, 416.121, 418.114, 418.114, 416.148
96375, 422.461, 420.455, 422.489, 422.489, 420.482
96325, 426.838, 424.79, 426.867, 426.867, 424.818
96275, 431.218, 429.127, 431.247, 431.247, 429.156
96225, 435.599, 433.466, 435.629, 435.629, 433.496
96175, 439.983, 437.807, 440.014, 440.014, 437.837
96125, 444.369, 442.15, 444.4, 444.4, 442.18
96075, 448.758, 446.494, 448.789, 448.789, 446.525
96025, 453.149, 450.84, 453.181, 453.181, 450.872
95975, 457.542, 455.189, 457.575, 457.575, 455.221
95925, 461.937, 459.539, 461.971, 461.971, 459.572
95875, 466.335, 463.89, 466.369, 466.369, 463.924
95825, 470.735, 468.244, 470.769, 470.769, 468.278
95775, 475.137, 472.6, 475.172, 475.172, 472.635
95725, 479.541, 476.957, 479.577, 479.577, 476.993
95675, 483.948, 481.316, 483.985, 483.985, 481.352
95625, 488.357, 485.677, 488.395, 488.395, 485.714
95575, 492.769, 490.04, 492.807, 492.807, 490.078
95525, 497.182, 494.405, 497.221, 497.221, 494.443
95475, 501.598, 498.771, 501.638, 501.638, 498.81
95425, 506.017, 503.14, 506.057, 506.057, 503.179
95375, 510.437, 507.51, 510.478, 510.478, 507.55
95325, 514.86, 511.882, 514.902, 514.902, 511.923
95275, 519.286, 516.256, 519.328, 519.328, 516.298
95225, 523.713, 520.632, 523.757, 523.757, 520.675
95175, 528.143, 525.01, 528.187, 528.187, 525.053
95125, 532.576, 529.389, 532.62, 532.62, 529.433
95075, 537.01, 533.771, 537.056, 537.056, 533.815
95025, 541.447, 538.154, 541.493, 541.493, 538.2
94975, 545.887, 542.539, 545.933, 545.933, 542.585
94925, 550.328, 546.926, 550.376, 550.376, 546.973
94875, 554.772, 551.315, 554.821, 554.821, 551.363
94825, 559.218, 555.706, 559.268, 559.268, 555.754
94775, 563.667, 560.099, 563.717, 563.717, 560.148
94725, 568.118, 564.493, 568.169, 568.169, 564.543
94675, 572.572, 568.89, 572.623, 572.623, 568.94
94625, 577.027, 573.288, 577.08, 577.08, 573.34
94575, 581.485, 577.688, 581.538, 581.538, 577.741
94525, 585.946, 582.09, 586, 586, 582.143
94475, 590.408, 586.494, 590.463, 590.463, 586.548
94425, 594.874, 590.9, 594.929, 594.929, 590.955
94375, 599.341, 595.308, 599.398, 599.398, 595.363
94325, 603.811, 599.717, 603.868, 603.868, 599.774
94275, 608.283, 604.129, 608.341, 608.341, 604.186
94225, 612.758, 608.542, 612.817, 612.817, 608.6
94175, 617.235, 612.958, 617.295, 617.295, 613.017
94125, 621.714, 617.375, 621.775, 621.775, 617.435
94075, 626.196, 621.794, 626.258, 626.258, 621.855
94025, 630.68, 626.215, 630.743, 630.743, 626.276
93975, 635.167, 630.638, 635.23, 635.23, 630.7
93925, 639.656, 635.063, 639.72, 639.72, 635.126
93875, 644.147, 639.49, 644.212, 644.212, 639.554
93825, 648.641, 643.918, 648.707, 648.707, 643.983
93775, 653.137, 648.349, 653.204, 653.204, 648.415
93725, 657.635, 652.781, 657.703, 657.703, 652.848
93675, 662.136, 657.216, 662.205, 662.205, 657.283
93625, 666.639, 661.652, 666.709, 666.709, 661.72
93575, 671.145, 666.09, 671.216, 671.216, 666.16
93525, 675.653, 670.53, 675.725, 675.725, 670.601
93475, 680.164, 674.972, 680.236, 680.236, 675.044
93425, 684.677, 679.416, 684.75, 684.75, 679.489
93375, 689.192, 683.862, 689.267, 689.267, 683.935
93325, 693.71, 688.31, 693.785, 693.785, 688.384
93275, 698.23, 692.76, 698.306, 698.306, 692.835
93225, 702.752, 697.212, 702.83, 702.83, 697.288
93175, 707.277, 701.665, 707.356, 707.356, 701.742
93125, 711.805, 706.121, 711.885, 711.885, 706.199
93075, 716.335, 710.578, 716.416, 716.416, 710.657
93025, 720.867, 715.038, 720.949, 720.949, 715.118
92975, 725.402, 719.499, 725.485, 725.485, 719.58
92925, 729.939, 723.962, 730.023, 730.023, 724.044
92875, 734.479, 728.428, 734.564, 734.564, 728.511
92825, 739.021, 732.895, 739.107, 739.107, 732.979
92775, 743.565, 737.364, 743.652, 743.652, 737.449
92725, 748.112, 741.835, 748.2, 748.2, 741.921
92675, 752.662, 746.308, 752.751, 752.751, 746.395
92625, 757.214, 750.783, 757.304, 757.304, 750.872
92575, 761.768, 755.26, 761.859, 761.859, 755.35
92525, 766.325, 759.739, 766.417, 766.417, 759.83
92475, 770.884, 764.22, 770.978, 770.978, 764.312
92425, 775.446, 768.703, 775.54, 775.54, 768.795
92375, 780.01, 773.188, 780.106, 780.106, 773.281
92325, 784.577, 777.675, 784.674, 784.674, 777.769
92275, 789.146, 782.163, 789.244, 789.244, 782.259
92225, 793.717, 786.654, 793.817, 793.817, 786.751
92175, 798.292, 791.147, 798.392, 798.392, 791.245
92125, 802.868, 795.642, 802.97, 802.97, 795.741
92075, 807.447, 800.138, 807.55, 807.55, 800.238
92025, 812.029, 804.637, 812.133, 812.133, 804.738
91975, 816.613, 809.137, 816.718, 816.718, 809.24
91925, 821.199, 813.64, 821.306, 821.306, 813.744
91875, 825.788, 818.145, 825.896, 825.896, 818.249
91825, 830.38, 822.651, 830.489, 830.488, 822.757
91775, 834.974, 827.16, 835.084, 835.084, 827.267
91725, 839.571, 831.67, 839.682, 839.681, 831.778
91675, 844.17, 836.183, 844.282, 844.282, 836.292
91625, 848.771, 840.697, 848.885, 848.885, 840.808
91575, 853.375, 845.214, 853.49, 853.49, 845.326
91525, 857.982, 849.732, 858.098, 858.098, 849.845
91475, 862.591, 854.253, 862.708, 862.708, 854.367
91425, 867.203, 858.775, 867.321, 867.321, 858.891
91375, 871.817, 863.3, 871.936, 871.936, 863.416
91325, 876.433, 867.827, 876.554, 876.554, 867.944
91275, 881.053, 872.355, 881.175, 881.175, 872.474
91225, 885.674, 876.886, 885.798, 885.798, 877.006
91175, 890.299, 881.418, 890.423, 890.423, 881.54
91125, 894.925, 885.953, 895.051, 895.051, 886.075
91075, 899.555, 890.489, 899.682, 899.682, 890.613
91025, 904.187, 895.028, 904.315, 904.315, 895.153
90975, 908.821, 899.569, 908.951, 908.951, 899.695
90925, 913.458, 904.111, 913.589, 913.589, 904.239
90875, 918.098, 908.656, 918.23, 918.23, 908.785
90825, 922.74, 913.203, 922.874, 922.874, 913.333
90775, 927.384, 917.751, 927.52, 927.52, 917.883
90725, 932.031, 922.302, 932.168, 932.168, 922.435
90675, 936.681, 926.855, 936.819, 936.819, 926.989
90625, 941.334, 931.41, 941.473, 941.473, 931.545
90575, 945.988, 935.966, 946.129, 946.129, 936.103
90525, 950.646, 940.525, 950.788, 950.788, 940.664
90475, 955.306, 945.086, 955.449, 955.449, 945.226
90425, 959.969, 949.649, 960.114, 960.114, 949.79
90375, 964.634, 954.214, 964.78, 964.78, 954.356
90325, 969.301, 958.781, 969.449, 969.449, 958.925
90275, 973.972, 963.35, 974.121, 974.121, 963.495
90225, 978.645, 967.922, 978.795, 978.795, 968.068
90175, 983.32, 972.495, 983.472, 983.472, 972.642
90125, 987.998, 977.07, 988.152, 988.152, 977.219
90075, 992.679, 981.647, 992.834, 992.834, 981.798
90025, 997.362, 986.227, 997.519, 997.519, 986.379
89975, 1002.05, 990.808, 1002.21, 1002.21, 990.961
89925, 1006.74, 995.392, 1006.9, 1006.9, 995.546
89875, 1011.43, 999.977, 1011.59, 1011.59, 1000.13
89825, 1016.12, 1004.56, 1016.28, 1016.28, 1004.72
89775, 1020.82, 1009.15, 1020.98, 1020.98, 1009.31
89725, 1025.52, 1013.75, 1025.68, 1025.68, 1013.91
89675, 1030.22, 1018.34, 1030.39, 1030.39, 1018.5
89625, 1034.92, 1022.94, 1035.09, 1035.09, 1023.1
89575, 1039.63, 1027.53, 1039.8, 1039.8, 1027.7
89525, 1044.34, 1032.13, 1044.51, 1044.51, 1032.3
89475, 1049.05, 1036.74, 1049.22, 1049.22, 1036.9
89425, 1053.77, 1041.34, 1053.94, 1053.94, 1041.51
89375, 1058.48, 1045.95, 1058.66, 1058.66, 1046.12
89325, 1063.2, 1050.56, 1063.38, 1063.38, 1050.73
89275, 1067.93, 1055.17, 1068.11, 1068.11, 1055.34
89225, 1072.65, 1059.78, 1072.83, 1072.83, 1059.95
89175, 1077.38, 1064.39, 1077.56, 1077.56, 1064.57
89125, 1082.11, 1069.01, 1082.29, 1082.29, 1069.19
89075, 1086.84, 1073.63, 1087.03, 1087.03, 1073.81
89025, 1091.58, 1078.25, 1091.77, 1091.77, 1078.43
88975, 1096.32, 1082.87, 1096.51, 1096.51, 1083.06
88925, 1101.06, 1087.5, 1101.25, 1101.25, 1087.68
88875, 1105.8, 1092.12, 1106, 1106, 1092.31
88825, 1110.55, 1096.75, 1110.74, 1110.74, 1096.94
88775, 1115.3, 1101.39, 1115.49, 1115.49, 1101.58
88725, 1120.05, 1106.02, 1120.25, 1120.25, 1106.21
88675, 1124.81, 1110.66, 1125, 1125, 1110.85
88625, 1129.56, 1115.29, 1129.76, 1129.76, 1115.49
88575, 1134.32, 1119.93, 1134.52, 1134.52, 1120.13
88525, 1139.09, 1124.58, 1139.29, 1139.29, 1124.77
88475, 1143.85, 1129.22, 1144.06, 1144.06, 1129.42
88425, 1148.62, 1133.87, 1148.83, 1148.83, 1134.07
88375, 1153.39, 1138.51, 1153.6, 1153.6, 1138.72
88325, 1158.16, 1143.16, 1158.37, 1158.37, 1143.37
88275, 1162.94, 1147.82, 1163.15, 1163.15, 1148.02
88225, 1167.72, 1152.47, 1167.93, 1167.93, 1152.68
88175, 1172.5, 1157.13, 1172.72, 1172.72, 1157.34
88125, 1177.28, 1161.79, 1177.5, 1177.5, 1162
88075, 1182.07, 1166.45, 1182.29, 1182.29, 1166.66
88025, 1186.86, 1171.11, 1187.08, 1187.08, 1171.33
87975, 1191.65, 1175.78, 1191.88, 1191.88, 1175.99
87925, 1196.45, 1180.45, 1196.67, 1196.67, 1180.66
87875, 1201.25, 1185.12, 1201.47, 1201.47, 1185.34
87825, 1206.05, 1189.79, 1206.27, 1206.27, 1190.01
87775, 1210.85, 1194.46, 1211.08, 1211.08, 1194.68
87725, 1215.66, 1199.14, 1215.89, 1215.89, 1199.36
87675, 1220.46, 1203.82, 1220.7, 1220.7, 1204.04
87625, 1225.28, 1208.5, 1225.51, 1225.51, 1208.73
87575, 1230.09, 1213.18, 1230.33, 1230.33, 1213.41
87525, 1234.91, 1217.87, 1235.15, 1235.15, 1218.1
87475, 1239.73, 1222.55, 1239.97, 1239.97, 1222.79
87425, 1244.55, 1227.24, 1244.79, 1244.79, 1227.48
87375, 1249.37, 1231.93, 1249.62, 1249.62, 1232.17
87325, 1254.2, 1236.63, 1254.45, 1254.45, 1236.87
87275, 1259.03, 1241.32, 1259.28, 1259.28, 1241.56
87225, 1263.87, 1246.02, 1264.12, 1264.12, 1246.26
87175, 1268.7, 1250.72, 1268.96, 1268.96, 1250.97
87125, 1273.54, 1255.42, 1273.8, 1273.8, 1255.67
87075, 1278.38, 1260.13, 1278.64, 1278.64, 1260.38
87025, 1283.23, 1264.83, 1283.49, 1283.49, 1265.08
86975, 1288.08, 1269.54, 1288.34, 1288.34, 1269.79
86925, 1292.93, 1274.26, 1293.19, 1293.19, 1274.51
86875, 1297.78, 1278.97, 1298.05, 1298.05, 1279.22
86825, 1302.64, 1283.68, 1302.9, 1302.9, 1283.94
86775, 1307.5, 1288.4, 1307.76, 1307.76, 1288.66
86725, 1312.36, 1293.12, 1312.63, 1312.63, 1293.38
86675, 1317.22, 1297.84, 1317.49, 1317.49, 1298.11
86625, 1322.09, 1302.57, 1322.36, 1322.36, 1302.83
86575, 1326.96, 1307.29, 1327.23, 1327.23, 1307.56
86525, 1331.83, 1312.02, 1332.11, 1332.11, 1312.29
86475, 1336.71, 1316.75, 1336.99, 1336.99, 1317.02
86425, 1341.58, 1321.49, 1341.87, 1341.87, 1321.76
86375, 1346.47, 1326.22, 1346.75, 1346.75, 1326.5
86325, 1351.35, 1330.96, 1351.64, 1351.64, 1331.24
86275, 1356.24, 1335.7, 1356.53, 1356.53, 1335.98
86225, 1361.13, 1340.44, 1361.42, 1361.42, 1340.72
86175, 1366.02, 1345.19, 1366.31, 1366.31, 1345.47
86125, 1370.91, 1349.93, 1371.21, 1371.21, 1350.22
86075, 1375.81, 1354.68, 1376.11, 1376.11, 1354.97
86025, 1380.71, 1359.43, 1381.01, 1381.01, 1359.72
85975, 1385.62, 1364.19, 1385.92, 1385.92, 1364.48
85925, 1390.52, 1368.94, 1390.83, 1390.83, 1369.23
85875, 1395.43, 1373.7, 1395.74, 1395.74, 1373.99
85825, 1400.35, 1378.46, 1400.65, 1400.65, 1378.76
85775, 1405.26, 1383.22, 1405.57, 1405.57, 1383.52
85725, 1410.18, 1387.99, 1410.49, 1410.49, 1388.29
85675, 1415.1, 1392.75, 1415.42, 1415.42, 1393.05
85625, 1420.02, 1397.52, 1420.34, 1420.34, 1397.83
85575, 1424.95, 1402.29, 1425.27, 1425.27, 1402.6
85525, 1429.88, 1407.07, 1430.2, 1430.2, 1407.37
85475, 1434.81, 1411.84, 1435.14, 1435.14, 1412.15
85425, 1439.75, 1416.62, 1440.07, 1440.07, 1416.93
85375, 1444.69, 1421.4, 1445.02, 1445.02, 1421.71
85325, 1449.63, 1426.18, 1449.96, 1449.96, 1426.5
85275, 1454.57, 1430.97, 1454.91, 1454.91, 1431.29
85225, 1459.52, 1435.75, 1459.85, 1459.85, 1436.08
85175, 1464.47, 1440.54, 1464.81, 1464.81, 1440.87
85125, 1469.42, 1445.34, 1469.76, 1469.76, 1445.66
85075, 1474.38, 1450.13, 1474.72, 1474.72, 1450.46
85025, 1479.34, 1454.93, 1479.68, 1479.68, 1455.25
84975, 1484.3, 1459.72, 1484.64, 1484.64, 1460.06
84925, 1489.26, 1464.52, 1489.61, 1489.61, 1464.86
84875, 1494.23, 1469.33, 1494.58, 1494.58, 1469.66
84825, 1499.2, 1474.13, 1499.55, 1499.55, 1474.47
84775, 1504.17, 1478.94, 1504.53, 1504.53, 1479.28
84725, 1509.15, 1483.75, 1509.51, 1509.51, 1484.09
84675, 1514.13, 1488.56, 1514.49, 1514.49, 1488.91
84625, 1519.11, 1493.38, 1519.47, 1519.47, 1493.72
84575, 1524.1, 1498.19, 1524.46, 1524.46, 1498.54
84525, 1529.08, 1503.01, 1529.45, 1529.45, 1503.36
84475, 1534.07, 1507.83, 1534.44, 1534.44, 1508.19
84425, 1539.07, 1512.66, 1539.44, 1539.44, 1513.01
84375, 1544.07, 1517.48, 1544.44, 1544.44, 1517.84
84325, 1549.07, 1522.31, 1549.44, 1549.44, 1522.67
84275, 1554.07, 1527.14, 1554.45, 1554.45, 1527.51
84225, 1559.07, 1531.98, 1559.46, 1559.46, 1532.34
84175, 1564.08, 1536.81, 1564.47, 1564.47, 1537.18
84125, 1569.09, 1541.65, 1569.48, 1569.48, 1542.02
84075, 1574.11, 1546.49, 1574.5, 1574.5, 1546.86
84025, 1579.13, 1551.33, 1579.52, 1579.52, 1551.71
83975, 1584.15, 1556.18, 1584.54, 1584.54, 1556.55
83925, 1589.17, 1561.02, 1589.57, 1589.57, 1561.4
83875, 1594.2, 1565.87, 1594.6, 1594.6, 1566.25
83825, 1599.23, 1570.72, 1599.63, 1599.63, 1571.11
83775, 1604.26, 1575.58, 1604.66, 1604.66, 1575.96
83725, 1609.3, 1580.44, 1609.7, 1609.7, 1580.82
83675, 1614.33, 1585.29, 1614.74, 1614.74, 1585.68
83625, 1619.38, 1590.15, 1619.79, 1619.79, 1590.55
83575, 1624.42, 1595.02, 1624.84, 1624.84, 1595.41
83525, 1629.47, 1599.88, 1629.89, 1629.89, 1600.28
83475, 1634.52, 1604.75, 1634.94, 1634.94, 1605.15
83425, 1639.57, 1609.62, 1640, 1640, 1610.03
83375, 1644.63, 1614.5, 1645.05, 1645.05, 1614.9
83325, 1649.69, 1619.37, 1650.12, 1650.12, 1619.78
83275, 1654.75, 1624.25, 1655.18, 1655.18, 1624.66
83225, 1659.82, 1629.13, 1660.25, 1660.25, 1629.54
83175, 1664.89, 1634.01, 1665.32, 1665.32, 1634.43
83125, 1669.96, 1638.9, 1670.4, 1670.4, 1639.31
83075, 1675.03, 1643.78, 1675.47, 1675.47, 1644.2
83025, 1680.11, 1648.67, 1680.56, 1680.56, 1649.09
82975, 1685.19, 1653.56, 1685.64, 1685.64, 1653.99
82925, 1690.28, 1658.46, 1690.73, 1690.73, 1658.89
82875, 1695.36, 1663.35, 1695.82, 1695.82, 1663.78
82825, 1700.45, 1668.25, 1700.91, 1700.91, 1668.69
82775, 1705.55, 1673.16, 1706.01, 1706.01, 1673.59
82725, 1710.64, 1678.06, 1711.1, 1711.1, 1678.5
82675, 1715.74, 1682.97, 1716.21, 1716.21, 1683.41
82625, 1720.85, 1687.87, 1721.31, 1721.31, 1688.32
82575, 1725.95, 1692.78, 1726.42, 1726.42, 1693.23
82525, 1731.06, 1697.7, 1731.53, 1731.53, 1698.15
82475, 1736.17, 1702.61, 1736.65, 1736.65, 1703.06
82425, 1741.29, 1707.53, 1741.76, 1741.76, 1707.99
82375, 1746.41, 1712.45, 1746.89, 1746.89, 1712.91
82325, 1751.53, 1717.38, 1752.01, 1752.01, 1717.83
82275, 1756.65, 1722.3, 1757.14, 1757.14, 1722.76
82225, 1761.78, 1727.23, 1762.27, 1762.27, 1727.69
82175, 1766.91, 1732.16, 1767.4, 1767.4, 1732.63
82125, 1772.04, 1737.09, 1772.54, 1772.54, 1737.56
82075, 1777.18, 1742.03, 1777.68, 1777.68, 1742.5
82025, 1782.32, 1746.97, 1782.82, 1782.82, 1747.44
81975, 1787.46, 1751.91, 1787.97, 1787.97, 1752.38
81925, 1792.61, 1756.85, 1793.11, 1793.11, 1757.33
81875, 1797.76, 1761.79, 1798.27, 1798.27, 1762.28
81825, 1802.91, 1766.74, 1803.42, 1803.42, 1767.23
81775, 1808.07, 1771.69, 1808.58, 1808.58, 1772.18
81725, 1813.23, 1776.64, 1813.74, 1813.74, 1777.13
81675, 1818.39, 1781.6, 1818.91, 1818.91, 1782.09
81625, 1823.55, 1786.56, 1824.08, 1824.08, 1787.05
81575, 1828.72, 1791.52, 1829.25, 1829.25, 1792.01
81525, 1833.89, 1796.48, 1834.42, 1834.42, 1796.98
81475, 1839.07, 1801.44, 1839.6, 1839.6, 1801.95
81425, 1844.24, 1806.41, 1844.78, 1844.78, 1806.92
81375, 1849.43, 1811.38, 1849.96, 1849.96, 1811.89
81325, 1854.61, 1816.35, 1855.15, 1855.15, 1816.86
81275, 1859.8, 1821.33, 1860.34, 1860.34, 1821.84
81225, 1864.99, 1826.3, 1865.54, 1865.54, 1826.82
81175, 1870.18, 1831.28, 1870.73, 1870.73, 1831.8
81125, 1875.38, 1836.26, 1875.93, 1875.93, 1836.79
81075, 1880.58, 1841.25, 1881.14, 1881.14, 1841.77
81025, 1885.78, 1846.24, 1886.34, 1886.34, 1846.76
80975, 1890.99, 1851.22, 1891.55, 1891.55, 1851.76
80925, 1896.2, 1856.22, 1896.76, 1896.76, 1856.75
80875, 1901.41, 1861.21, 1901.98, 1901.98, 1861.75
80825, 1906.63, 1866.21, 1907.2, 1907.2, 1866.75
80775, 1911.85, 1871.21, 1912.42, 1912.42, 1871.75
80725, 1917.07, 1876.21, 1917.65, 1917.65, 1876.76
80675, 1922.3, 1881.21, 1922.88, 1922.88, 1881.76
80625, 1927.52, 1886.22, 1928.11, 1928.11, 1886.77
80575, 1932.76, 1891.23, 1933.35, 1933.35, 1891.78
80525, 1937.99, 1896.24, 1938.58, 1938.58, 1896.8
80475, 1943.23, 1901.26, 1943.83, 1943.83, 1901.82
80425, 1948.47, 1906.27, 1949.07, 1949.07, 1906.84
80375, 1953.72, 1911.29, 1954.32, 1954.32, 1911.86
80325, 1958.97, 1916.32, 1959.57, 1959.57, 1916.88
80275, 1964.22, 1921.34, 1964.83, 1964.83, 1921.91
80225, 1969.48, 1926.37, 1970.09, 1970.09, 1926.94
80175, 1974.73, 1931.4, 1975.35, 1975.35, 1931.98
80125, 1980, 1936.43, 1980.61, 1980.61, 1937.01
80075, 1985.26, 1941.46, 1985.88, 1985.88, 1942.05
80025, 1990.53, 1946.5, 1991.15, 1991.15, 1947.09
79975, 1995.8, 1951.54, 1996.43, 1996.43, 1952.13
79925, 2001.08, 1956.58, 2001.71, 2001.71, 1957.18
79875, 2006.35, 1961.63, 2006.99, 2006.99, 1962.23
79825, 2011.64, 1966.68, 2012.27, 2012.27, 1967.28
79775, 2016.92, 1971.73, 2017.56, 2017.56, 1972.33
79725, 2022.21, 1976.78, 2022.85, 2022.85, 1977.38
79675, 2027.5, 1981.83, 2028.15, 2028.15, 1982.44
79625, 2032.8, 1986.89, 2033.45, 2033.45, 1987.5
79575, 2038.09, 1991.95, 2038.75, 2038.75, 1992.57
79525, 2043.39, 1997.02, 2044.05, 2044.05, 1997.63
79475, 2048.7, 2002.08, 2049.36, 2049.36, 2002.7
79425, 2054.01, 2007.15, 2054.67, 2054.67, 2007.77
79375, 2059.32, 2012.22, 2059.99, 2059.99, 2012.85
79325, 2064.63, 2017.29, 2065.3, 2065.3, 2017.92
79275, 2069.95, 2022.37, 2070.63, 2070.63, 2023
79225, 2075.27, 2027.45, 2075.95, 2075.95, 2028.08
79175, 2080.6, 2032.53, 2081.28, 2081.28, 2033.17
79125, 2085.93, 2037.61, 2086.61, 2086.61, 2038.26
79075, 2091.26, 2042.7, 2091.95, 2091.95, 2043.34
79025, 2096.59, 2047.79, 2097.29, 2097.29, 2048.44
78975, 2101.93, 2052.88, 2102.63, 2102.63, 2053.53
78925, 2107.27, 2057.97, 2107.97, 2107.97, 2058.63
78875, 2112.62, 2063.07, 2113.32, 2113.32, 2063.73
78825, 2117.97, 2068.17, 2118.67, 2118.67, 2068.83
78775, 2123.32, 2073.27, 2124.03, 2124.03, 2073.94
78725, 2128.67, 2078.38, 2129.39, 2129.39, 2079.04
78675, 2134.03, 2083.48, 2134.75, 2134.75, 2084.15
78625, 2139.4, 2088.59, 2140.12, 2140.12, 2089.27
78575, 2144.76, 2093.71, 2145.49, 2145.48, 2094.38
78525, 2150.13, 2098.82, 2150.86, 2150.86, 2099.5
78475, 2155.5, 2103.94, 2156.23, 2156.23, 2104.62
78425, 2160.88, 2109.06, 2161.61, 2161.61, 2109.75
78375, 2166.26, 2114.18, 2167, 2167, 2114.87
78325, 2171.64, 2119.31, 2172.38, 2172.38, 2120
78275, 2177.03, 2124.44, 2177.77, 2177.77, 2125.13
78225, 2182.42, 2129.57, 2183.17, 2183.17, 2130.27
78175, 2187.81, 2134.7, 2188.56, 2188.56, 2135.41
78125, 2193.21, 2139.84, 2193.96, 2193.96, 2140.54
78075, 2198.61, 2144.98, 2199.37, 2199.37, 2145.69
78025, 2204.01, 2150.12, 2204.77, 2204.77, 2150.83
77975, 2209.42, 2155.26, 2210.18, 2210.18, 2155.98
77925, 2214.83, 2160.41, 2215.6, 2215.6, 2161.13
77875, 2220.24, 2165.56, 2221.02, 2221.02, 2166.28
77825, 2225.66, 2170.71, 2226.44, 2226.44, 2171.44
77775, 2231.08, 2175.86, 2231.86, 2231.86, 2176.6
77725, 2236.5, 2181.02, 2237.29, 2237.29, 2181.76
77675, 2241.93, 2186.18, 2242.72, 2242.72, 2186.92
77625, 2247.36, 2191.35, 2248.16, 2248.16, 2192.09
77575, 2252.8, 2196.51, 2253.59, 2253.59, 2197.26
77525, 2258.23, 2201.68, 2259.04, 2259.04, 2202.43
77475, 2263.68, 2206.85, 2264.48, 2264.48, 2207.6
77425, 2269.12, 2212.03, 2269.93, 2269.93, 2212.78
77375, 2274.57, 2217.2, 2275.38, 2275.38, 2217.96
77325, 2280.02, 2222.38, 2280.84, 2280.84, 2223.14
77275, 2285.48, 2227.56, 2286.3, 2286.3, 2228.33
77225, 2290.94, 2232.75, 2291.76, 2291.76, 2233.52
77175, 2296.4, 2237.93, 2297.23, 2297.23, 2238.71
77125, 2301.87, 2243.13, 2302.7, 2302.7, 2243.9
77075, 2307.34, 2248.32, 2308.17, 2308.17, 2249.1
77025, 2312.81, 2253.51, 2313.65, 2313.65, 2254.3
76975, 2318.29, 2258.71, 2319.13, 2319.13, 2259.5
76925, 2323.77, 2263.91, 2324.62, 2324.62, 2264.71
76875, 2329.25, 2269.12, 2330.1, 2330.1, 2269.91
76825, 2334.74, 2274.32, 2335.6, 2335.6, 2275.12
76775, 2340.23, 2279.53, 2341.09, 2341.09, 2280.34
76725, 2345.73, 2284.74, 2346.59, 2346.59, 2285.55
76675, 2351.22, 2289.96, 2352.09, 2352.09, 2290.77
76625, 2356.73, 2295.18, 2357.6, 2357.6, 2295.99
76575, 2362.23, 2300.4, 2363.11, 2363.11, 2301.21
76525, 2367.74, 2305.62, 2368.62, 2368.62, 2306.44
76475, 2373.25, 2310.85, 2374.14, 2374.14, 2311.67
76425, 2378.77, 2316.07, 2379.66, 2379.66, 2316.9
76375, 2384.29, 2321.31, 2385.18, 2385.18, 2322.14
76325, 2389.81, 2326.54, 2390.71, 2390.71, 2327.38
76275, 2395.34, 2331.78, 2396.24, 2396.24, 2332.62
76225, 2400.87, 2337.02, 2401.78, 2401.78, 2337.86
76175, 2406.41, 2342.26, 2407.32, 2407.32, 2343.11
76125, 2411.94, 2347.5, 2412.86, 2412.86, 2348.36
76075, 2417.49, 2352.75, 2418.41, 2418.41, 2353.61
76025, 2423.03, 2358, 2423.96, 2423.96, 2358.86
75975, 2428.58, 2363.26, 2429.51, 2429.51, 2364.12
75925, 2434.13, 2368.51, 2435.07, 2435.07, 2369.38
75875, 2439.69, 2373.77, 2440.63, 2440.63, 2374.64
75825, 2445.25, 2379.03, 2446.19, 2446.19, 2379.91
75775, 2450.81, 2384.3, 2451.76, 2451.76, 2385.18
75725, 2456.38, 2389.57, 2457.33, 2457.33, 2390.45
75675, 2461.95, 2394.84, 2462.91, 2462.91, 2395.72
75625, 2467.53, 2400.11, 2468.49, 2468.49, 2401
75575, 2473.11, 2405.39, 2474.07, 2474.07, 2406.28
75525, 2478.69, 2410.67, 2479.65, 2479.65, 2411.56
75475, 2484.27, 2415.95, 2485.25, 2485.24, 2416.85
75425, 2489.86, 2421.23, 2490.84, 2490.84, 2422.14
75375, 2495.46, 2426.52, 2496.44, 2496.44, 2427.43
75325, 2501.05, 2431.81, 2502.04, 2502.04, 2432.72
75275, 2506.65, 2437.1, 2507.64, 2507.64, 2438.02
75225, 2512.26, 2442.4, 2513.25, 2513.25, 2443.32
75175, 2517.87, 2447.7, 2518.86, 2518.86, 2448.62
75125, 2523.48, 2453, 2524.48, 2524.48, 2453.93
75075, 2529.09, 2458.3, 2530.1, 2530.1, 2459.24
75025, 2534.71, 2463.61, 2535.72, 2535.72, 2464.55
74975, 2540.34, 2468.92, 2541.35, 2541.35, 2469.86
74925, 2545.96, 2474.23, 2546.98, 2546.98, 2475.18
74875, 2551.59, 2479.55, 2552.62, 2552.62, 2480.5
74825, 2557.23, 2484.87, 2558.26, 2558.26, 2485.82
74775, 2562.87, 2490.19, 2563.9, 2563.9, 2491.15
74725, 2568.51, 2495.52, 2569.55, 2569.55, 2496.48
74675, 2574.15, 2500.84, 2575.2, 2575.2, 2501.81
74625, 2579.8, 2506.17, 2580.85, 2580.85, 2507.14
74575, 2585.46, 2511.51, 2586.51, 2586.51, 2512.48
74525, 2591.11, 2516.84, 2592.17, 2592.17, 2517.82
74475, 2596.78, 2522.18, 2597.84, 2597.84, 2523.16
74425, 2602.44, 2527.52, 2603.51, 2603.51, 2528.51
74375, 2608.11, 2532.87, 2609.18, 2609.18, 2533.86
74325, 2613.78, 2538.22, 2614.86, 2614.86, 2539.21
74275, 2619.46, 2543.57, 2620.54, 2620.54, 2544.57
74225, 2625.14, 2548.92, 2626.22, 2626.22, 2549.92
74175, 2630.82, 2554.28, 2631.91, 2631.91, 2555.28
74125, 2636.51, 2559.64, 2637.6, 2637.6, 2560.65
74075, 2642.2, 2565, 2643.3, 2643.3, 2566.02
74025, 2647.89, 2570.37, 2649, 2649, 2571.38
73975, 2653.59, 2575.73, 2654.7, 2654.7, 2576.76
73925, 2659.3, 2581.11, 2660.41, 2660.41, 2582.13
73875, 2665, 2586.48, 2666.12, 2666.12, 2587.51
73825, 2670.71, 2591.86, 2671.84, 2671.84, 2592.89
73775, 2676.43, 2597.24, 2677.56, 2677.56, 2598.28
73725, 2682.15, 2602.62, 2683.28, 2683.28, 2603.66
73675, 2687.87, 2608.01, 2689.01, 2689.01, 2609.05
73625, 2693.6, 2613.39, 2694.74, 2694.74, 2614.45
73575, 2699.33, 2618.79, 2700.47, 2700.47, 2619.84
73525, 2705.06, 2624.18, 2706.21, 2706.21, 2625.24
73475, 2710.8, 2629.58, 2711.95, 2711.95, 2630.65
73425, 2716.54, 2634.98, 2717.7, 2717.7, 2636.05
73375, 2722.28, 2640.38, 2723.45, 2723.45, 2641.46
73325, 2728.03, 2645.79, 2729.21, 2729.21, 2646.87
73275, 2733.79, 2651.2, 2734.96, 2734.96, 2652.28
73225, 2739.55, 2656.61, 2740.73, 2740.73, 2657.7
73175, 2745.31, 2662.03, 2746.49, 2746.49, 2663.12
73125, 2751.07, 2667.45, 2752.26, 2752.26, 2668.54
73075, 2756.84, 2672.87, 2758.04, 2758.04, 2673.97
73025, 2762.61, 2678.29, 2763.82, 2763.82, 2679.4
72975, 2768.39, 2683.72, 2769.6, 2769.6, 2684.83
72925, 2774.17, 2689.15, 2775.38, 2775.38, 2690.27
72875, 2779.96, 2694.59, 2781.17, 2781.17, 2695.71
72825, 2785.75, 2700.02, 2786.97, 2786.97, 2701.15
72775, 2791.54, 2705.46, 2792.77, 2792.77, 2706.59
72725, 2797.34, 2710.91, 2798.57, 2798.57, 2712.04
72675, 2803.14, 2716.35, 2804.37, 2804.37, 2717.49
72625, 2808.94, 2721.8, 2810.18, 2810.18, 2722.94
72575, 2814.75, 2727.25, 2816, 2816, 2728.4
72525, 2820.56, 2732.71, 2821.82, 2821.82, 2733.86
72475, 2826.38, 2738.17, 2827.64, 2827.64, 2739.32
72425, 2832.2, 2743.63, 2833.47, 2833.47, 2744.79
72375, 2838.03, 2749.09, 2839.3, 2839.3, 2750.26
72325, 2843.86, 2754.56, 2845.13, 2845.13, 2755.73
72275, 2849.69, 2760.03, 2850.97, 2850.97, 2761.2
72225, 2855.53, 2765.5, 2856.81, 2856.81, 2766.68
72175, 2861.37, 2770.98, 2862.66, 2862.66, 2772.16
72125, 2867.21, 2776.46, 2868.51, 2868.51, 2777.65
72075, 2873.06, 2781.94, 2874.36, 2874.36, 2783.13
72025, 2878.92, 2787.43, 2880.22, 2880.22, 2788.62
71975, 2884.77, 2792.92, 2886.08, 2886.08, 2794.12
71925, 2890.64, 2798.41, 2891.95, 2891.95, 2799.61
71875, 2896.5, 2803.9, 2897.82, 2897.82, 2805.11
71825, 2902.37, 2809.4, 2903.7, 2903.7, 2810.61
71775, 2908.24, 2814.9, 2909.58, 2909.57, 2816.12
71725, 2914.12, 2820.41, 2915.46, 2915.46, 2821.63
71675, 2920, 2825.91, 2921.35, 2921.35, 2827.14
71625, 2925.89, 2831.42, 2927.24, 2927.24, 2832.66
71575, 2931.78, 2836.94, 2933.13, 2933.13, 2838.18
71525, 2937.67, 2842.45, 2939.03, 2939.03, 2843.7
71475, 2943.57, 2847.97, 2944.94, 2944.94, 2849.22
71425, 2949.47, 2853.5, 2950.84, 2950.84, 2854.75
71375, 2955.38, 2859.02, 2956.76, 2956.76, 2860.28
71325, 2961.29, 2864.55, 2962.67, 2962.67, 2865.81
71275, 2967.21, 2870.08, 2968.59, 2968.59, 2871.35
71225, 2973.13, 2875.62, 2974.52, 2974.52, 2876.89
71175, 2979.05, 2881.16, 2980.45, 2980.45, 2882.43
71125, 2984.98, 2886.7, 2986.38, 2986.38, 2887.98
71075, 2990.91, 2892.24, 2992.32, 2992.32, 2893.53
71025, 2996.84, 2897.79, 2998.26, 2998.26, 2899.08
70975, 3002.78, 2903.34, 3004.2, 3004.2, 2904.64
70925, 3008.73, 2908.9, 3010.15, 3010.15, 2910.2
70875, 3014.68, 2914.46, 3016.11, 3016.11, 2915.76
70825, 3020.63, 2920.02, 3022.06, 3022.06, 2921.33
70775, 3026.59, 2925.58, 3028.03, 3028.03, 2926.9
70725, 3032.55, 2931.15, 3033.99, 3033.99, 2932.47
70675, 3038.51, 2936.72, 3039.96, 3039.96, 2938.04
70625, 3044.48, 2942.29, 3045.94, 3045.94, 2943.62
70575, 3050.45, 2947.87, 3051.92, 3051.92, 2949.2
70525, 3056.43, 2953.45, 3057.9, 3057.9, 2954.79
70475, 3062.41, 2959.03, 3063.89, 3063.89, 2960.38
70425, 3068.4, 2964.62, 3069.88, 3069.88, 2965.97
70375, 3074.39, 2970.21, 3075.88, 3075.88, 2971.56
70325, 3080.39, 2975.8, 3081.88, 3081.88, 2977.16
70275, 3086.38, 2981.4, 3087.88, 3087.88, 2982.76
70225, 3092.39, 2986.99, 3093.89, 3093.89, 2988.37
70175, 3098.4, 2992.6, 3099.91, 3099.91, 2993.97
70125, 3104.41, 2998.2, 3105.92, 3105.92, 2999.58
70075, 3110.42, 3003.81, 3111.95, 3111.95, 3005.2
70025, 3116.44, 3009.42, 3117.97, 3117.97, 3010.82
69975, 3122.47, 3015.04, 3124, 3124, 3016.44
69925, 3128.5, 3020.66, 3130.04, 3130.04, 3022.06
69875, 3134.53, 3026.28, 3136.08, 3136.08, 3027.69
69825, 3140.57, 3031.91, 3142.12, 3142.12, 3033.32
69775, 3146.61, 3037.53, 3148.17, 3148.17, 3038.95
69725, 3152.66, 3043.17, 3154.22, 3154.22, 3044.59
69675, 3158.71, 3048.8, 3160.28, 3160.28, 3050.23
69625, 3164.76, 3054.44, 3166.34, 3166.34, 3055.87
69575, 3170.82, 3060.08, 3172.41, 3172.4, 3061.52
69525, 3176.89, 3065.72, 3178.47, 3178.47, 3067.17
69475, 3182.95, 3071.37, 3184.55, 3184.55, 3072.82
69425, 3189.03, 3077.02, 3190.63, 3190.63, 3078.48
69375, 3195.1, 3082.68, 3196.71, 3196.71, 3084.14
69325, 3201.18, 3088.34, 3202.8, 3202.8, 3089.8
69275, 3207.27, 3094, 3208.89, 3208.89, 3095.47
69225, 3213.36, 3099.66, 3214.99, 3214.99, 3101.14
69175, 3219.46, 3105.33, 3221.09, 3221.09, 3106.81
69125, 3225.55, 3111, 3227.19, 3227.19, 3112.49
69075, 3231.66, 3116.68, 3233.3, 3233.3, 3118.17
69025, 3237.76, 3122.35, 3239.41, 3239.41, 3123.85
68975, 3243.88, 3128.04, 3245.53, 3245.53, 3129.54
68925, 3249.99, 3133.72, 3251.66, 3251.66, 3135.23
68875, 3256.11, 3139.41, 3257.78, 3257.78, 3140.92
68825, 3262.24, 3145.1, 3263.91, 3263.91, 3146.62
68775, 3268.37, 3150.79, 3270.05, 3270.05, 3152.32
68725, 3274.5, 3156.49, 3276.19, 3276.19, 3158.02
68675, 3280.64, 3162.19, 3282.34, 3282.34, 3163.73
68625, 3286.79, 3167.9, 3288.49, 3288.49, 3169.44
68575, 3292.93, 3173.61, 3294.64, 3294.64, 3175.15
68525, 3299.09, 3179.32, 3300.8, 3300.8, 3180.87
68475, 3305.24, 3185.03, 3306.96, 3306.96, 3186.59
68425, 3311.4, 3190.75, 3313.13, 3313.13, 3192.31
68375, 3317.57, 3196.47, 3319.3, 3319.3, 3198.04
68325, 3323.74, 3202.2, 3325.48, 3325.48, 3203.77
68275, 3329.91, 3207.92, 3331.66, 3331.66, 3209.5
68225, 3336.09, 3213.66, 3337.85, 3337.84, 3215.24
68175, 3342.28, 3219.39, 3344.04, 3344.04, 3220.98
68125, 3348.47, 3225.13, 3350.23, 3350.23, 3226.72
68075, 3354.66, 3230.87, 3356.43, 3356.43, 3232.47
68025, 3360.86, 3236.62, 3362.63, 3362.63, 3238.22
67975, 3367.06, 3242.37, 3368.84, 3368.84, 3243.98
67925, 3373.26, 3248.12, 3375.06, 3375.05, 3249.74
67875, 3379.48, 3253.87, 3381.27, 3381.27, 3255.5
67825, 3385.69, 3259.63, 3387.5, 3387.49, 3261.26
67775, 3391.91, 3265.39, 3393.72, 3393.72, 3267.03
67725, 3398.14, 3271.16, 3399.95, 3399.95, 3272.8
67675, 3404.37, 3276.93, 3406.19, 3406.19, 3278.58
67625, 3410.6, 3282.7, 3412.43, 3412.43, 3284.35
67575, 3416.84, 3288.48, 3418.68, 3418.68, 3290.14
67525, 3423.08, 3294.26, 3424.93, 3424.93, 3295.92
67475, 3429.33, 3300.04, 3431.18, 3431.18, 3301.71
67425, 3435.58, 3305.83, 3437.44, 3437.44, 3307.5
67375, 3441.84, 3311.62, 3443.7, 3443.7, 3313.3
67325, 3448.1, 3317.41, 3449.97, 3449.97, 3319.1
67275, 3454.37, 3323.21, 3456.25, 3456.25, 3324.9
67225, 3460.64, 3329.01, 3462.52, 3462.52, 3330.71
67175, 3466.91, 3334.81, 3468.81, 3468.81, 3336.52
67125, 3473.19, 3340.62, 3475.09, 3475.09, 3342.33
67075, 3479.48, 3346.43, 3481.39, 3481.38, 3348.15
67025, 3485.77, 3352.25, 3487.68, 3487.68, 3353.97
66975, 3492.06, 3358.07, 3493.98, 3493.98, 3359.79
66925, 3498.36, 3363.89, 3500.29, 3500.29, 3365.62
66875, 3504.67, 3369.71, 3506.6, 3506.6, 3371.45
66825, 3510.98, 3375.54, 3512.92, 3512.92, 3377.29
66775, 3517.29, 3381.37, 3519.24, 3519.24, 3383.12
66725, 3523.61, 3387.21, 3525.56, 3525.56, 3388.97
66675, 3529.93, 3393.05, 3531.89, 3531.89, 3394.81
66625, 3536.26, 3398.89, 3538.23, 3538.23, 3400.66
66575, 3542.59, 3404.74, 3544.57, 3544.57, 3406.51
66525, 3548.93, 3410.59, 3550.91, 3550.91, 3412.37
66475, 3555.27, 3416.44, 3557.26, 3557.26, 3418.23
66425, 3561.62, 3422.3, 3563.61, 3563.61, 3424.09
66375, 3567.97, 3428.16, 3569.97, 3569.97, 3429.96
66325, 3574.32, 3434.02, 3576.33, 3576.33, 3435.83
66275, 3580.68, 3439.89, 3582.7, 3582.7, 3441.7
66225, 3587.05, 3445.76, 3589.08, 3589.07, 3447.58
66175, 3593.42, 3451.64, 3595.45, 3595.45, 3453.46
66125, 3599.8, 3457.52, 3601.84, 3601.84, 3459.35
66075, 3606.18, 3463.4, 3608.22, 3608.22, 3465.23
66025, 3612.56, 3469.28, 3614.62, 3614.62, 3471.13
65975, 3618.95, 3475.17, 3621.01, 3621.01, 3477.02
65925, 3625.35, 3481.07, 3627.41, 3627.41, 3482.92
65875, 3631.75, 3486.96, 3633.82, 3633.82, 3488.82
65825, 3638.15, 3492.86, 3640.23, 3640.23, 3494.73
65775, 3644.56, 3498.77, 3646.65, 3646.65, 3500.64
65725, 3650.97, 3504.67, 3653.07, 3653.07, 3506.55
65675, 3657.39, 3510.59, 3659.5, 3659.5, 3512.47
65625, 3663.82, 3516.5, 3665.93, 3665.93, 3518.39
65575, 3670.25, 3522.42, 3672.37, 3672.37, 3524.32
65525, 3676.68, 3528.34, 3678.81, 3678.81, 3530.25
65475, 3683.12, 3534.27, 3685.25, 3685.25, 3536.18
65425, 3689.56, 3540.2, 3691.7, 3691.7, 3542.11
65375, 3696.01, 3546.13, 3698.16, 3698.16, 3548.05
65325, 3702.46, 3552.07, 3704.62, 3704.62, 3554
65275, 3708.92, 3558.01, 3711.09, 3711.09, 3559.94
65225, 3715.38, 3563.95, 3717.56, 3717.56, 3565.89
65175, 3721.85, 3569.9, 3724.03, 3724.03, 3571.85
65125, 3728.33, 3575.85, 3730.51, 3730.51, 3577.81
65075, 3734.8, 3581.81, 3737, 3737, 3583.77
65025, 3741.29, 3587.76, 3743.49, 3743.49, 3589.73
64975, 3747.78, 3593.73, 3749.99, 3749.99, 3595.7
64925, 3754.27, 3599.69, 3756.49, 3756.49, 3601.67
64875, 3760.77, 3605.66, 3762.99, 3762.99, 3607.65
64825, 3767.27, 3611.64, 3769.5, 3769.5, 3613.63
64775, 3773.78, 3617.61, 3776.02, 3776.02, 3619.62
64725, 3780.29, 3623.6, 3782.54, 3782.54, 3625.6
64675, 3786.81, 3629.58, 3789.07, 3789.07, 3631.6
64625, 3793.33, 3635.57, 3795.6, 3795.6, 3637.59
64575, 3799.86, 3641.56, 3802.13, 3802.13, 3643.59
64525, 3806.4, 3647.56, 3808.68, 3808.68, 3649.59
64475, 3812.93, 3653.56, 3815.22, 3815.22, 3655.6
64425, 3819.48, 3659.56, 3821.77, 3821.77, 3661.61
64375, 3826.03, 3665.57, 3828.33, 3828.33, 3667.62
64325, 3832.58, 3671.58, 3834.89, 3834.89, 3673.64
64275, 3839.14, 3677.6, 3841.46, 3841.46, 3679.66
64225, 3845.7, 3683.62, 3848.03, 3848.03, 3685.69
64175, 3852.27, 3689.64, 3854.61, 3854.61, 3691.72
64125, 3858.85, 3695.67, 3861.19, 3861.19, 3697.75
64075, 3865.43, 3701.7, 3867.78, 3867.78, 3703.79
64025, 3872.01, 3707.73, 3874.37, 3874.37, 3709.83
63975, 3878.6, 3713.77, 3880.97, 3880.97, 3715.87
63925, 3885.19, 3719.81, 3887.57, 3887.57, 3721.92
63875, 3891.79, 3725.86, 3894.18, 3894.18, 3727.98
63825, 3898.4, 3731.9, 3900.79, 3900.79, 3734.03
63775, 3905.01, 3737.96, 3907.41, 3907.41, 3740.09
63725, 3911.62, 3744.02, 3914.03, 3914.03, 3746.16
63675, 3918.25, 3750.08, 3920.66, 3920.66, 3752.22
63625, 3924.87, 3756.14, 3927.3, 3927.3, 3758.3
63575, 3931.5, 3762.21, 3933.94, 3933.93, 3764.37
63525, 3938.14, 3768.28, 3940.58, 3940.58, 3770.45
63475, 3944.78, 3774.36, 3947.23, 3947.23, 3776.53
63425, 3951.43, 3780.44, 3953.88, 3953.88, 3782.62
63375, 3958.08, 3786.52, 3960.54, 3960.54, 3788.71
63325, 3964.74, 3792.61, 3967.21, 3967.21, 3794.81
63275, 3971.4, 3798.7, 3973.88, 3973.88, 3800.91
63225, 3978.07, 3804.8, 3980.56, 3980.56, 3807.01
63175, 3984.74, 3810.9, 3987.24, 3987.24, 3813.12
63125, 3991.42, 3817, 3993.92, 3993.92, 3819.23
63075, 3998.1, 3823.11, 4000.62, 4000.62, 3825.34
63025, 4004.79, 3829.22, 4007.31, 4007.31, 3831.46
62975, 4011.48, 3835.34, 4014.02, 4014.02, 3837.58
62925, 4018.18, 3841.46, 4020.72, 4020.72, 3843.71
62875, 4024.89, 3847.58, 4027.44, 4027.44, 3849.84
62825, 4031.6, 3853.71, 4034.16, 4034.16, 3855.97
62775, 4038.31, 3859.84, 4040.88, 4040.88, 3862.11
62725, 4045.03, 3865.97, 4047.61, 4047.61, 3868.25
62675, 4051.76, 3872.11, 4054.34, 4054.34, 3874.4
62625, 4058.49, 3878.26, 4061.09, 4061.08, 3880.55
62575, 4065.23, 3884.4, 4067.83, 4067.83, 3886.71
62525, 4071.97, 3890.55, 4074.58, 4074.58, 3892.86
62475, 4078.72, 3896.71, 4081.34, 4081.34, 3899.03
62425, 4085.47, 3902.87, 4088.1, 4088.1, 3905.19
62375, 4092.23, 3909.03, 4094.87, 4094.87, 3911.36
62325, 4098.99, 3915.2, 4101.64, 4101.64, 3917.54
62275, 4105.76, 3921.37, 4108.42, 4108.42, 3923.71
62225, 4112.54, 3927.54, 4115.2, 4115.2, 3929.9
62175, 4119.32, 3933.72, 4121.99, 4121.99, 3936.08
62125, 4126.11, 3939.91, 4128.79, 4128.78, 3942.27
62075, 4132.9, 3946.09, 4135.59, 4135.58, 3948.47
62025, 4139.69, 3952.29, 4142.39, 4142.39, 3954.67
61975, 4146.5, 3958.48, 4149.2, 4149.2, 3960.87
61925, 4153.3, 3964.68, 4156.02, 4156.02, 3967.08
61875, 4160.12, 3970.88, 4162.84, 4162.84, 3973.29
61825, 4166.93, 3977.09, 4169.67, 4169.67, 3979.5
61775, 4173.76, 3983.3, 4176.5, 4176.5, 3985.72
61725, 4180.59, 3989.52, 4183.34, 4183.34, 3991.94
61675, 4187.42, 3995.74, 4190.18, 4190.18, 3998.17
61625, 4194.26, 4001.96, 4197.03, 4197.03, 4004.4
61575, 4201.11, 4008.19, 4203.89, 4203.89, 4010.64
61525, 4207.96, 4014.42, 4210.75, 4210.75, 4016.88
61475, 4214.82, 4020.66, 4217.62, 4217.62, 4023.12
61425, 4221.68, 4026.9, 4224.49, 4224.49, 4029.37
61375, 4228.55, 4033.14, 4231.37, 4231.37, 4035.62
61325, 4235.43, 4039.39, 4238.25, 4238.25, 4041.88
61275, 4242.31, 4045.64, 4245.14, 4245.14, 4048.14
61225, 4249.19, 4051.9, 4252.03, 4252.03, 4054.4
61175, 4256.08, 4058.16, 4258.93, 4258.93, 4060.67
61125, 4262.98, 4064.42, 4265.84, 4265.84, 4066.94
61075, 4269.88, 4070.69, 4272.75, 4272.75, 4073.22
61025, 4276.79, 4076.97, 4279.67, 4279.67, 4079.5
60975, 4283.7, 4083.24, 4286.59, 4286.59, 4085.78
60925, 4290.62, 4089.52, 4293.52, 4293.52, 4092.07
60875, 4297.55, 4095.81, 4300.45, 4300.45, 4098.37
60825, 4304.48, 4102.1, 4307.39, 4307.39, 4104.66
60775, 4311.41, 4108.39, 4314.34, 4314.34, 4110.96
60725, 4318.36, 4114.69, 4321.29, 4321.29, 4117.27
60675, 4325.3, 4120.99, 4328.25, 4328.25, 4123.58
60625, 4332.26, 4127.3, 4335.21, 4335.21, 4129.9
60575, 4339.22, 4133.61, 4342.18, 4342.18, 4136.21
60525, 4346.18, 4139.93, 4349.16, 4349.15, 4142.54
60475, 4353.15, 4146.25, 4356.14, 4356.14, 4148.86
60425, 4360.13, 4152.57, 4363.12, 4363.12, 4155.2
60375, 4367.11, 4158.9, 4370.11, 4370.11, 4161.53
60325, 4374.1, 4165.23, 4377.11, 4377.11, 4167.87
60275, 4381.09, 4171.57, 4384.12, 4384.11, 4174.21
60225, 4388.09, 4177.91, 4391.12, 4391.12, 4180.56
60175, 4395.1, 4184.25, 4398.14, 4398.14, 4186.92
60125, 4402.11, 4190.6, 4405.16, 4405.16, 4193.27
60075, 4409.13, 4196.95, 4412.19, 4412.19, 4199.63
60025, 4416.15, 4203.31, 4419.22, 4419.22, 4206
59975, 4423.18, 4209.67, 4426.26, 4426.26, 4212.37
59925, 4430.21, 4216.04, 4433.3, 4433.3, 4218.74
59875, 4437.25, 4222.41, 4440.35, 4440.35, 4225.12
59825, 4444.3, 4228.79, 4447.41, 4447.41, 4231.51
59775, 4451.35, 4235.16, 4454.47, 4454.47, 4237.89
59725, 4458.41, 4241.55, 4461.54, 4461.54, 4244.28
59675, 4465.48, 4247.94, 4468.62, 4468.61, 4250.68
59625, 4472.55, 4254.33, 4475.7, 4475.69, 4257.08
59575, 4479.62, 4260.72, 4482.78, 4482.78, 4263.49
59525, 4486.7, 4267.13, 4489.87, 4489.87, 4269.89
59475, 4493.79, 4273.53, 4496.97, 4496.97, 4276.31
59425, 4500.89, 4279.94, 4504.08, 4504.07, 4282.73
59375, 4507.99, 4286.35, 4511.19, 4511.18, 4289.15
59325, 4515.09, 4292.77, 4518.3, 4518.3, 4295.57
59275, 4522.2, 4299.19, 4525.42, 4525.42, 4302
59225, 4529.32, 4305.62, 4532.55, 4532.55, 4308.44
59175, 4536.45, 4312.05, 4539.69, 4539.68, 4314.88
59125, 4543.58, 4318.49, 4546.83, 4546.82, 4321.32
59075, 4550.71, 4324.93, 4553.97, 4553.97, 4327.77
59025, 4557.85, 4331.37, 4561.12, 4561.12, 4334.23
58975, 4565, 4337.82, 4568.28, 4568.28, 4340.68
58925, 4572.16, 4344.28, 4575.45, 4575.45, 4347.14
58875, 4579.32, 4350.73, 4582.62, 4582.62, 4353.61
58825, 4586.48, 4357.2, 4589.79, 4589.79, 4360.08
58775, 4593.65, 4363.66, 4596.98, 4596.98, 4366.56
58725, 4600.83, 4370.14, 4604.16, 4604.16, 4373.04
58675, 4608.02, 4376.61, 4611.36, 4611.36, 4379.52
58625, 4615.21, 4383.09, 4618.56, 4618.56, 4386.01
58575, 4622.4, 4389.58, 4625.77, 4625.77, 4392.5
58525, 4629.61, 4396.07, 4632.98, 4632.98, 4399
58475, 4636.82, 4402.56, 4640.2, 4640.2, 4405.5
58425, 4644.03, 4409.06, 4647.43, 4647.43, 4412.01
58375, 4651.25, 4415.56, 4654.66, 4654.66, 4418.52
58325, 4658.48, 4422.07, 4661.9, 4661.9, 4425.04
58275, 4665.71, 4428.58, 4669.14, 4669.14, 4431.56
58225, 4672.95, 4435.09, 4676.39, 4676.39, 4438.08
58175, 4680.2, 4441.62, 4683.65, 4683.65, 4444.61
58125, 4687.45, 4448.14, 4690.91, 4690.91, 4451.15
58075, 4694.71, 4454.67, 4698.18, 4698.18, 4457.68
58025, 4701.98, 4461.21, 4705.46, 4705.46, 4464.23
57975, 4709.25, 4467.74, 4712.74, 4712.74, 4470.77
57925, 4716.53, 4474.29, 4720.03, 4720.03, 4477.33
57875, 4723.81, 4480.84, 4727.32, 4727.32, 4483.88
57825, 4731.1, 4487.39, 4734.62, 4734.62, 4490.44
57775, 4738.4, 4493.95, 4741.93, 4741.93, 4497.01
57725, 4745.7, 4500.51, 4749.24, 4749.24, 4503.58
57675, 4753.01, 4507.07, 4756.56, 4756.56, 4510.16
57625, 4760.32, 4513.65, 4763.89, 4763.89, 4516.74
57575, 4767.65, 4520.22, 4771.22, 4771.22, 4523.32
57525, 4774.97, 4526.8, 4778.56, 4778.56, 4529.91
57475, 4782.31, 4533.39, 4785.91, 4785.91, 4536.5
57425, 4789.65, 4539.98, 4793.26, 4793.26, 4543.1
57375, 4797, 4546.57, 4800.62, 4800.62, 4549.71
57325, 4804.35, 4553.17, 4807.98, 4807.98, 4556.31
57275, 4811.71, 4559.77, 4815.35, 4815.35, 4562.93
57225, 4819.08, 4566.38, 4822.73, 4822.73, 4569.54
57175, 4826.45, 4572.99, 4830.12, 4830.12, 4576.17
57125, 4833.83, 4579.61, 4837.51, 4837.51, 4582.79
57075, 4841.21, 4586.23, 4844.9, 4844.9, 4589.42
57025, 4848.61, 4592.86, 4852.31, 4852.31, 4596.06
56975, 4856.01, 4599.49, 4859.72, 4859.72, 4602.7
56925, 4863.41, 4606.13, 4867.13, 4867.13, 4609.35
56875, 4870.82, 4612.77, 4874.56, 4874.56, 4616
56825, 4878.24, 4619.42, 4881.99, 4881.99, 4622.65
56775, 4885.67, 4626.07, 4889.42, 4889.42, 4629.31
56725, 4893.1, 4632.72, 4896.87, 4896.87, 4635.98
56675, 4900.54, 4639.38, 4904.32, 4904.32, 4642.64
56625, 4907.98, 4646.05, 4911.77, 4911.77, 4649.32
56575, 4915.43, 4652.72, 4919.24, 4919.23, 4656
56525, 4922.89, 4659.39, 4926.7, 4926.7, 4662.68
56475, 4930.35, 4666.07, 4934.18, 4934.18, 4669.37
56425, 4937.82, 4672.75, 4941.66, 4941.66, 4676.06
56375, 4945.3, 4679.44, 4949.15, 4949.15, 4682.76
56325, 4952.79, 4686.14, 4956.65, 4956.65, 4689.46
56275, 4960.28, 4692.84, 4964.15, 4964.15, 4696.17
56225, 4967.77, 4699.54, 4971.66, 4971.66, 4702.88
56175, 4975.28, 4706.25, 4979.18, 4979.17, 4709.6
56125, 4982.79, 4712.96, 4986.7, 4986.7, 4716.32
56075, 4990.31, 4719.68, 4994.23, 4994.23, 4723.05
56025, 4997.83, 4726.4, 5001.76, 5001.76, 4729.78
55975, 5005.36, 4733.13, 5009.31, 5009.31, 4736.52
55925, 5012.9, 4739.86, 5016.86, 5016.85, 4743.26
55875, 5020.44, 4746.6, 5024.41, 5024.41, 4750.01
55825, 5028, 4753.34, 5031.98, 5031.97, 4756.76
55775, 5035.55, 4760.09, 5039.55, 5039.54, 4763.52
55725, 5043.12, 4766.84, 5047.12, 5047.12, 4770.28
55675, 5050.69, 4773.59, 5054.71, 5054.7, 4777.04
55625, 5058.27, 4780.36, 5062.3, 5062.29, 4783.82
55575, 5065.85, 4787.12, 5069.89, 5069.89, 4790.59
55525, 5073.44, 4793.89, 5077.5, 5077.5, 4797.37
55475, 5081.04, 4800.67, 5085.11, 5085.11, 4804.16
55425, 5088.65, 4807.45, 5092.73, 5092.72, 4810.95
55375, 5096.26, 4814.24, 5100.35, 5100.35, 4817.75
55325, 5103.88, 4821.03, 5107.98, 5107.98, 4824.55
55275, 5111.51, 4827.83, 5115.62, 5115.62, 4831.35
55225, 5119.14, 4834.63, 5123.27, 5123.27, 4838.16
55175, 5126.78, 4841.43, 5130.92, 5130.92, 4844.98
55125, 5134.43, 4848.24, 5138.58, 5138.58, 4851.8
55075, 5142.08, 4855.06, 5146.24, 5146.24, 4858.63
55025, 5149.74, 4861.88, 5153.92, 5153.92, 4865.46
54975, 5157.41, 4868.71, 5161.6, 5161.6, 4872.29
54925, 5165.09, 4875.54, 5169.29, 5169.28, 4879.14
54875, 5172.77, 4882.38, 5176.98, 5176.98, 4885.98
54825, 5180.46, 4889.22, 5184.68, 5184.68, 4892.83
54775, 5188.15, 4896.06, 5192.39, 5192.39, 4899.69
54725, 5195.85, 4902.92, 5200.1, 5200.1, 4906.55
54675, 5203.56, 4909.77, 5207.83, 5207.83, 4913.42
54625, 5211.28, 4916.63, 5215.56, 5215.56, 4920.29
54575, 5219.01, 4923.5, 5223.29, 5223.29, 4927.17
54525, 5226.74, 4930.37, 5231.04, 5231.04, 4934.05
54475, 5234.47, 4937.25, 5238.79, 5238.79, 4940.94
54425, 5242.22, 4944.13, 5246.55, 5246.55, 4947.83
54375, 5249.97, 4951.02, 5254.31, 5254.31, 4954.73
54325, 5257.73, 4957.91, 5262.08, 5262.08, 4961.63
54275, 5265.5, 4964.81, 5269.86, 5269.86, 4968.54
54225, 5273.27, 4971.71, 5277.65, 5277.65, 4975.45
54175, 5281.05, 4978.62, 5285.44, 5285.44, 4982.37
54125, 5288.84, 4985.53, 5293.25, 5293.24, 4989.29
54075, 5296.64, 4992.45, 5301.05, 5301.05, 4996.22
54025, 5304.44, 4999.37, 5308.87, 5308.87, 5003.15
53975, 5312.25, 5006.3, 5316.69, 5316.69, 5010.09
53925, 5320.07, 5013.24, 5324.52, 5324.52, 5017.03
53875, 5327.89, 5020.18, 5332.36, 5332.36, 5023.98
53825, 5335.72, 5027.12, 5340.21, 5340.2, 5030.94
53775, 5343.56, 5034.07, 5348.06, 5348.06, 5037.9
53725, 5351.41, 5041.02, 5355.92, 5355.92, 5044.86
53675, 5359.26, 5047.98, 5363.78, 5363.78, 5051.83
53625, 5367.12, 5054.95, 5371.66, 5371.66, 5058.81
53575, 5374.99, 5061.92, 5379.54, 5379.54, 5065.79
53525, 5382.87, 5068.89, 5387.43, 5387.43, 5072.77
53475, 5390.75, 5075.88, 5395.32, 5395.32, 5079.77
53425, 5398.64, 5082.86, 5403.23, 5403.23, 5086.76
53375, 5406.54, 5089.85, 5411.14, 5411.14, 5093.76
53325, 5414.44, 5096.85, 5419.06, 5419.06, 5100.77
53275, 5422.35, 5103.85, 5426.98, 5426.98, 5107.78
53225, 5430.27, 5110.86, 5434.92, 5434.92, 5114.8
53175, 5438.2, 5117.87, 5442.86, 5442.86, 5121.83
53125, 5446.14, 5124.89, 5450.81, 5450.8, 5128.85
53075, 5454.08, 5131.91, 5458.76, 5458.76, 5135.89
53025, 5462.03, 5138.94, 5466.73, 5466.72, 5142.93
52975, 5469.99, 5145.98, 5474.7, 5474.69, 5149.97
52925, 5477.95, 5153.02, 5482.67, 5482.67, 5157.02
52875, 5485.92, 5160.06, 5490.66, 5490.66, 5164.08
52825, 5493.9, 5167.11, 5498.65, 5498.65, 5171.14
52775, 5501.89, 5174.17, 5506.66, 5506.65, 5178.21
52725, 5509.88, 5181.23, 5514.66, 5514.66, 5185.28
52675, 5517.89, 5188.29, 5522.68, 5522.68, 5192.36
52625, 5525.9, 5195.37, 5530.7, 5530.7, 5199.44
52575, 5533.91, 5202.44, 5538.74, 5538.74, 5206.53
52525, 5541.94, 5209.53, 5546.78, 5546.77, 5213.62
52475, 5549.97, 5216.62, 5554.82, 5554.82, 5220.72
52425, 5558.01, 5223.71, 5562.88, 5562.88, 5227.82
52375, 5566.06, 5230.81, 5570.94, 5570.94, 5234.93
52325, 5574.12, 5237.91, 5579.01, 5579.01, 5242.05
52275, 5582.18, 5245.02, 5587.09, 5587.09, 5249.17
52225, 5590.25, 5252.14, 5595.17, 5595.17, 5256.3
52175, 5598.33, 5259.26, 5603.27, 5603.27, 5263.43
52125, 5606.42, 5266.39, 5611.37, 5611.37, 5270.57
52075, 5614.51, 5273.52, 5619.48, 5619.48, 5277.71
52025, 5622.62, 5280.66, 5627.59, 5627.59, 5284.86
51975, 5630.73, 5287.8, 5635.72, 5635.72, 5292.02
51925, 5638.84, 5294.95, 5643.85, 5643.85, 5299.18
51875, 5646.97, 5302.11, 5651.99, 5651.99, 5306.34
51825, 5655.1, 5309.27, 5660.14, 5660.14, 5313.51
51775, 5663.25, 5316.43, 5668.3, 5668.29, 5320.69
51725, 5671.4, 5323.6, 5676.46, 5676.46, 5327.87
51675, 5679.55, 5330.78, 5684.63, 5684.63, 5335.06
51625, 5687.72, 5337.96, 5692.81, 5692.81, 5342.26
51575, 5695.89, 5345.15, 5701, 5701, 5349.45
51525, 5704.07, 5352.34, 5709.2, 5709.19, 5356.66
51475, 5712.26, 5359.54, 5717.4, 5717.4, 5363.87
51425, 5720.46, 5366.75, 5725.61, 5725.61, 5371.09
51375, 5728.66, 5373.96, 5733.83, 5733.83, 5378.31
51325, 5736.88, 5381.18, 5742.06, 5742.06, 5385.54
51275, 5745.1, 5388.4, 5750.29, 5750.29, 5392.77
51225, 5753.33, 5395.63, 5758.54, 5758.54, 5400.01
51175, 5761.56, 5402.86, 5766.79, 5766.79, 5407.26
51125, 5769.81, 5410.1, 5775.05, 5775.05, 5414.51
51075, 5778.06, 5417.35, 5783.32, 5783.32, 5421.76
51025, 5786.32, 5424.6, 5791.59, 5791.59, 5429.03
50975, 5794.59, 5431.85, 5799.88, 5799.88, 5436.3
50925, 5802.87, 5439.12, 5808.17, 5808.17, 5443.57
50875, 5811.15, 5446.38, 5816.47, 5816.47, 5450.85
50825, 5819.45, 5453.66, 5824.78, 5824.78, 5458.13
50775, 5827.75, 5460.94, 5833.1, 5833.1, 5465.43
50725, 5836.06, 5468.22, 5841.42, 5841.42, 5472.72
50675, 5844.38, 5475.52, 5849.76, 5849.75, 5480.03
50625, 5852.7, 5482.81, 5858.1, 5858.1, 5487.34
50575, 5861.04, 5490.12, 5866.45, 5866.45, 5494.65
50525, 5869.38, 5497.42, 5874.81, 5874.8, 5501.97
50475, 5877.73, 5504.74, 5883.17, 5883.17, 5509.3
50425, 5886.09, 5512.06, 5891.55, 5891.55, 5516.63
50375, 5894.46, 5519.39, 5899.93, 5899.93, 5523.97
50325, 5902.84, 5526.72, 5908.32, 5908.32, 5531.31
50275, 5911.22, 5534.06, 5916.72, 5916.72, 5538.66
50225, 5919.61, 5541.4, 5925.13, 5925.13, 5546.02
50175, 5928.01, 5548.75, 5933.55, 5933.55, 5553.38
50125, 5936.42, 5556.11, 5941.97, 5941.97, 5560.75
50075, 5944.84, 5563.47, 5950.41, 5950.4, 5568.12
50025, 5953.27, 5570.84, 5958.85, 5958.85, 5575.5
49975, 5961.7, 5578.21, 5967.3, 5967.3, 5582.89
49925, 5970.15, 5585.59, 5975.76, 5975.76, 5590.28
49875, 5978.6, 5592.98, 5984.23, 5984.22, 5597.68
49825, 5987.06, 5600.37, 5992.7, 5992.7, 5605.08
49775, 5995.53, 5607.77, 6001.19, 6001.18, 5612.5
49725, 6004, 5615.17, 6009.68, 6009.68, 5619.91
49675, 6012.49, 5622.58, 6018.18, 6018.18, 5627.33
49625, 6020.98, 5630, 6026.69, 6026.69, 5634.76
49575, 6029.49, 5637.42, 6035.21, 6035.21, 5642.2
49525, 6038, 5644.85, 6043.74, 6043.74, 5649.64
49475, 6046.52, 5652.28, 6052.27, 6052.27, 5657.08
49425, 6055.04, 5659.72, 6060.82, 6060.82, 5664.54
49375, 6063.58, 5667.17, 6069.37, 6069.37, 5671.99
49325, 6072.13, 5674.62, 6077.93, 6077.93, 5679.46
49275, 6080.68, 5682.08, 6086.5, 6086.5, 5686.93
49225, 6089.25, 5689.55, 6095.08, 6095.08, 5694.41
49175, 6097.82, 5697.02, 6103.67, 6103.67, 5701.89
49125, 6106.4, 5704.49, 6112.27, 6112.27, 5709.38
49075, 6114.99, 5711.98, 6120.87, 6120.87, 5716.88
49025, 6123.58, 5719.47, 6129.49, 6129.49, 5724.38
48975, 6132.19, 5726.96, 6138.11, 6138.11, 5731.89
48925, 6140.81, 5734.46, 6146.74, 6146.74, 5739.4
48875, 6149.43, 5741.97, 6155.39, 6155.38, 5746.92
48825, 6158.06, 5749.49, 6164.04, 6164.03, 5754.45
48775, 6166.71, 5757.01, 6172.69, 6172.69, 5761.98
48725, 6175.36, 5764.53, 6181.36, 6181.36, 5769.52
48675, 6184.02, 5772.07, 6190.04, 6190.04, 5777.07
48625, 6192.69, 5779.61, 6198.72, 6198.72, 5784.62
48575, 6201.36, 5787.15, 6207.42, 6207.42, 5792.18
48525, 6210.05, 5794.7, 6216.12, 6216.12, 5799.74
48475, 6218.75, 5802.26, 6224.84, 6224.83, 5807.31
48425, 6227.45, 5809.83, 6233.56, 6233.56, 5814.89
48375, 6236.16, 5817.4, 6242.29, 6242.29, 5822.47
48325, 6244.89, 5824.97, 6251.03, 6251.03, 5830.06
48275, 6253.62, 5832.56, 6259.78, 6259.77, 5837.66
48225, 6262.36, 5840.15, 6268.53, 6268.53, 5845.26
48175, 6271.11, 5847.74, 6277.3, 6277.3, 5852.87
48125, 6279.87, 5855.35, 6286.08, 6286.07, 5860.49
48075, 6288.63, 5862.96, 6294.86, 6294.86, 5868.11
48025, 6297.41, 5870.57, 6303.66, 6303.65, 5875.74
47975, 6306.2, 5878.19, 6312.46, 6312.46, 5883.37
47925, 6314.99, 5885.82, 6321.27, 6321.27, 5891.01
47875, 6323.8, 5893.46, 6330.09, 6330.09, 5898.66
47825, 6332.61, 5901.1, 6338.93, 6338.92, 5906.32
47775, 6341.43, 5908.74, 6347.77, 6347.76, 5913.98
47725, 6350.27, 5916.4, 6356.62, 6356.61, 5921.64
47675, 6359.11, 5924.06, 6365.48, 6365.47, 5929.32
47625, 6367.96, 5931.73, 6374.34, 6374.34, 5937
47575, 6376.82, 5939.4, 6383.22, 6383.22, 5944.69
47525, 6385.69, 5947.08, 6392.11, 6392.11, 5952.38
47475, 6394.57, 5954.77, 6401, 6401, 5960.08
47425, 6403.45, 5962.46, 6409.91, 6409.91, 5967.79
47375, 6412.35, 5970.16, 6418.83, 6418.82, 5975.5
47325, 6421.26, 5977.87, 6427.75, 6427.75, 5983.22
47275, 6430.17, 5985.58, 6436.68, 6436.68, 5990.95
47225, 6439.1, 5993.3, 6445.63, 6445.63, 5998.68
47175, 6448.03, 6001.03, 6454.58, 6454.58, 6006.42
47125, 6456.98, 6008.76, 6463.54, 6463.54, 6014.17
47075, 6465.93, 6016.5, 6472.52, 6472.51, 6021.92
47025, 6474.9, 6024.24, 6481.5, 6481.5, 6029.68
46975, 6483.87, 6032, 6490.49, 6490.49, 6037.44
46925, 6492.85, 6039.76, 6499.49, 6499.49, 6045.22
46875, 6501.84, 6047.52, 6508.5, 6508.5, 6053
46825, 6510.85, 6055.3, 6517.52, 6517.52, 6060.78
46775, 6519.86, 6063.08, 6526.55, 6526.55, 6068.58
46725, 6528.88, 6070.86, 6535.59, 6535.59, 6076.38
46675, 6537.91, 6078.65, 6544.64, 6544.64, 6084.19
46625, 6546.95, 6086.45, 6553.7, 6553.7, 6092
46575, 6556, 6094.26, 6562.77, 6562.77, 6099.82
46525, 6565.06, 6102.08, 6571.85, 6571.84, 6107.65
46475, 6574.13, 6109.9, 6580.93, 6580.93, 6115.48
46425, 6583.21, 6117.72, 6590.03, 6590.03, 6123.32
46375, 6592.3, 6125.56, 6599.14, 6599.14, 6131.17
46325, 6601.4, 6133.4, 6608.26, 6608.26, 6139.02
46275, 6610.5, 6141.24, 6617.39, 6617.38, 6146.89
46225, 6619.62, 6149.1, 6626.52, 6626.52, 6154.75
46175, 6628.75, 6156.96, 6635.67, 6635.67, 6162.63
46125, 6637.89, 6164.83, 6644.83, 6644.83, 6170.51
46075, 6647.04, 6172.7, 6654, 6653.99, 6178.4
46025, 6656.2, 6180.59, 6663.17, 6663.17, 6186.3
45975, 6665.36, 6188.48, 6672.36, 6672.36, 6194.2
45925, 6674.54, 6196.37, 6681.56, 6681.56, 6202.11
45875, 6683.73, 6204.27, 6690.77, 6690.76, 6210.03
45825, 6692.93, 6212.18, 6699.98, 6699.98, 6217.95
45775, 6702.14, 6220.1, 6709.21, 6709.21, 6225.88
45725, 6711.36, 6228.03, 6718.45, 6718.45, 6233.82
45675, 6720.58, 6235.96, 6727.7, 6727.69, 6241.77
45625, 6729.82, 6243.89, 6736.95, 6736.95, 6249.72
45575, 6739.07, 6251.84, 6746.22, 6746.22, 6257.68
45525, 6748.33, 6259.79, 6755.5, 6755.5, 6265.65
45475, 6757.6, 6267.75, 6764.79, 6764.79, 6273.62
45425, 6766.88, 6275.72, 6774.09, 6774.09, 6281.6
45375, 6776.17, 6283.69, 6783.4, 6783.39, 6289.59
45325, 6785.47, 6291.67, 6792.72, 6792.71, 6297.58
45275, 6794.78, 6299.66, 6802.05, 6802.04, 6305.59
45225, 6804.1, 6307.65, 6811.39, 6811.38, 6313.6
45175, 6813.43, 6315.66, 6820.74, 6820.73, 6321.61
45125, 6822.77, 6323.66, 6830.1, 6830.09, 6329.64
45075, 6832.12, 6331.68, 6839.47, 6839.47, 6337.67
45025, 6841.48, 6339.7, 6848.85, 6848.85, 6345.71
44975, 6850.85, 6347.74, 6858.24, 6858.24, 6353.75
44925, 6860.23, 6355.77, 6867.64, 6867.64, 6361.8
44875, 6869.63, 6363.82, 6877.06, 6877.06, 6369.86
44825, 6879.03, 6371.87, 6886.48, 6886.48, 6377.93
44775, 6888.44, 6379.93, 6895.92, 6895.91, 6386.01
44725, 6897.87, 6388, 6905.36, 6905.36, 6394.09
44675, 6907.3, 6396.07, 6914.82, 6914.81, 6402.18
44625, 6916.75, 6404.15, 6924.28, 6924.28, 6410.27
44575, 6926.2, 6412.24, 6933.76, 6933.76, 6418.38
44525, 6935.67, 6420.34, 6943.25, 6943.24, 6426.49
44475, 6945.15, 6428.44, 6952.74, 6952.74, 6434.61
44425, 6954.63, 6436.55, 6962.25, 6962.25, 6442.73
44375, 6964.13, 6444.67, 6971.77, 6971.77, 6450.87
44325, 6973.64, 6452.8, 6981.3, 6981.3, 6459.01
44275, 6983.16, 6460.93, 6990.84, 6990.84, 6467.16
44225, 6992.69, 6469.07, 7000.39, 7000.39, 6475.31
44175, 7002.23, 6477.22, 7009.96, 7009.95, 6483.48
44125, 7011.79, 6485.38, 7019.53, 7019.53, 6491.65
44075, 7021.35, 6493.54, 7029.11, 7029.11, 6499.83
44025, 7030.92, 6501.71, 7038.71, 7038.71, 6508.01
43975, 7040.51, 6509.89, 7048.31, 7048.31, 6516.21
43925, 7050.1, 6518.07, 7057.93, 7057.93, 6524.41
43875, 7059.71, 6526.27, 7067.56, 7067.56, 6532.62
43825, 7069.33, 6534.47, 7077.2, 7077.2, 6540.83
43775, 7078.96, 6542.68, 7086.85, 7086.85, 6549.06
43725, 7088.6, 6550.89, 7096.51, 7096.51, 6557.29
43675, 7098.25, 6559.12, 7106.18, 7106.18, 6565.53
43625, 7107.91, 6567.35, 7115.87, 7115.86, 6573.77
43575, 7117.58, 6575.59, 7125.56, 7125.56, 6582.03
43525, 7127.27, 6583.83, 7135.27, 7135.26, 6590.29
43475, 7136.96, 6592.09, 7144.98, 7144.98, 6598.56
43425, 7146.67, 6600.35, 7154.71, 7154.71, 6606.84
43375, 7156.38, 6608.62, 7164.45, 7164.45, 6615.12
43325, 7166.11, 6616.9, 7174.2, 7174.2, 6623.42
43275, 7175.85, 6625.18, 7183.96, 7183.96, 6631.72
43225, 7185.6, 6633.47, 7193.74, 7193.73, 6640.03
43175, 7195.37, 6641.77, 7203.52, 7203.52, 6648.34
43125, 7205.14, 6650.08, 7213.32, 7213.31, 6656.67
43075, 7214.92, 6658.4, 7223.12, 7223.12, 6665
43025, 7224.72, 6666.72, 7232.94, 7232.94, 6673.34
42975, 7234.53, 6675.06, 7242.77, 7242.77, 6681.69
42925, 7244.35, 6683.4, 7252.61, 7252.61, 6690.04
42875, 7254.18, 6691.74, 7262.47, 7262.46, 6698.41
42825, 7264.02, 6700.1, 7272.33, 7272.33, 6706.78
42775, 7273.87, 6708.46, 7282.21, 7282.2, 6715.16
42725, 7283.74, 6716.83, 7292.09, 7292.09, 6723.55
42675, 7293.62, 6725.21, 7301.99, 7301.99, 6731.94
42625, 7303.5, 6733.6, 7311.9, 7311.9, 6740.34
42575, 7313.4, 6741.99, 7321.83, 7321.82, 6748.76
42525, 7323.32, 6750.4, 7331.76, 7331.76, 6757.18
42475, 7333.24, 6758.81, 7341.71, 7341.7, 6765.6
42425, 7343.17, 6767.23, 7351.67, 7351.66, 6774.04
42375, 7353.12, 6775.66, 7361.64, 7361.63, 6782.48
42325, 7363.08, 6784.09, 7371.62, 7371.61, 6790.93
42275, 7373.05, 6792.53, 7381.61, 7381.61, 6799.39
42225, 7383.03, 6800.99, 7391.61, 7391.61, 6807.86
42175, 7393.02, 6809.44, 7401.63, 7401.63, 6816.34
42125, 7403.03, 6817.91, 7411.66, 7411.66, 6824.82
42075, 7413.05, 6826.39, 7421.7, 7421.7, 6833.31
42025, 7423.08, 6834.87, 7431.75, 7431.75, 6841.82
41975, 7433.12, 6843.36, 7441.82, 7441.82, 6850.32
41925, 7443.17, 6851.86, 7451.9, 7451.89, 6858.84
41875, 7453.24, 6860.37, 7461.98, 7461.98, 6867.37
41825, 7463.31, 6868.89, 7472.09, 7472.08, 6875.9
41775, 7473.4, 6877.42, 7482.2, 7482.2, 6884.44
41725, 7483.5, 6885.95, 7492.32, 7492.32, 6892.99
41675, 7493.62, 6894.49, 7502.46, 7502.46, 6901.55
41625, 7503.74, 6903.04, 7512.61, 7512.61, 6910.12
41575, 7513.88, 6911.6, 7522.77, 7522.77, 6918.69
41525, 7524.03, 6920.16, 7532.95, 7532.94, 6927.28
41475, 7534.19, 6928.74, 7543.13, 7543.13, 6935.87
41425, 7544.37, 6937.32, 7553.33, 7553.33, 6944.47
41375, 7554.55, 6945.91, 7563.54, 7563.54, 6953.08
41325, 7564.75, 6954.51, 7573.77, 7573.76, 6961.7
41275, 7574.96, 6963.12, 7584, 7584, 6970.32
41225, 7585.19, 6971.74, 7594.25, 7594.25, 6978.95
41175, 7595.42, 6980.37, 7604.51, 7604.51, 6987.6
41125, 7605.67, 6989, 7614.78, 7614.78, 6996.25
41075, 7615.93, 6997.64, 7625.07, 7625.07, 7004.91
41025, 7626.21, 7006.29, 7635.37, 7635.36, 7013.58
40975, 7636.49, 7014.95, 7645.68, 7645.68, 7022.25
40925, 7646.79, 7023.62, 7656, 7656, 7030.94
40875, 7657.1, 7032.3, 7666.34, 7666.34, 7039.63
40825, 7667.43, 7040.98, 7676.69, 7676.68, 7048.34
40775, 7677.76, 7049.68, 7687.05, 7687.05, 7057.05
40725, 7688.11, 7058.38, 7697.42, 7697.42, 7065.77
40675, 7698.48, 7067.09, 7707.81, 7707.81, 7074.5
40625, 7708.85, 7075.81, 7718.21, 7718.21, 7083.23
40575, 7719.24, 7084.54, 7728.62, 7728.62, 7091.98
40525, 7729.64, 7093.27, 7739.05, 7739.05, 7100.74
40475, 7740.05, 7102.02, 7749.49, 7749.48, 7109.5
40425, 7750.48, 7110.78, 7759.94, 7759.94, 7118.27
40375, 7760.92, 7119.54, 7770.4, 7770.4, 7127.05
40325, 7771.37, 7128.31, 7780.88, 7780.88, 7135.84
40275, 7781.83, 7137.09, 7791.37, 7791.37, 7144.64
40225, 7792.31, 7145.88, 7801.88, 7801.87, 7153.45
40175, 7802.8, 7154.68, 7812.39, 7812.39, 7162.27
40125, 7813.31, 7163.49, 7822.92, 7822.92, 7171.09
40075, 7823.82, 7172.31, 7833.46, 7833.46, 7179.93
40025, 7834.35, 7181.13, 7844.02, 7844.02, 7188.77
39975, 7844.9, 7189.97, 7854.59, 7854.59, 7197.62
39925, 7855.45, 7198.81, 7865.17, 7865.17, 7206.48
39875, 7866.02, 7207.66, 7875.77, 7875.76, 7215.36
39825, 7876.61, 7216.52, 7886.38, 7886.37, 7224.23
39775, 7887.2, 7225.39, 7897, 7897, 7233.12
39725, 7897.81, 7234.27, 7907.64, 7907.63, 7242.02
39675, 7908.43, 7243.16, 7918.29, 7918.28, 7250.93
39625, 7919.07, 7252.06, 7928.95, 7928.94, 7259.84
39575, 7929.72, 7260.96, 7939.63, 7939.62, 7268.77
39525, 7940.38, 7269.88, 7950.32, 7950.31, 7277.7
39475, 7951.06, 7278.8, 7961.02, 7961.01, 7286.65
39425, 7961.75, 7287.74, 7971.74, 7971.73, 7295.6
39375, 7972.46, 7296.68, 7982.47, 7982.46, 7304.56
39325, 7983.17, 7305.63, 7993.21, 7993.21, 7313.53
39275, 7993.9, 7314.6, 8003.97, 8003.97, 7322.51
39225, 8004.65, 7323.57, 8014.74, 8014.74, 7331.5
39175, 8015.41, 7332.55, 8025.53, 8025.52, 7340.5
39125, 8026.18, 7341.54, 8036.33, 8036.32, 7349.51
39075, 8036.97, 7350.53, 8047.14, 8047.14, 7358.53
39025, 8047.77, 7359.54, 8057.97, 8057.96, 7367.55
38975, 8058.58, 7368.56, 8068.81, 8068.8, 7376.59
38925, 8069.41, 7377.59, 8079.66, 8079.66, 7385.63
38875, 8080.25, 7386.62, 8090.53, 8090.53, 7394.69
38825, 8091.1, 7395.67, 8101.42, 8101.41, 7403.75
38775, 8101.97, 7404.72, 8112.31, 8112.31, 7412.83
38725, 8112.86, 7413.79, 8123.22, 8123.22, 7421.91
38675, 8123.75, 7422.86, 8134.15, 8134.14, 7431.01
38625, 8134.67, 7431.94, 8145.09, 8145.08, 7440.11
38575, 8145.59, 7441.04, 8156.04, 8156.04, 7449.22
38525, 8156.53, 7450.14, 8167.01, 8167.01, 7458.34
38475, 8167.49, 7459.25, 8177.99, 8177.99, 7467.47
38425, 8178.45, 7468.37, 8188.99, 8188.98, 7476.61
38375, 8189.44, 7477.5, 8200, 8200, 7485.77
38325, 8200.43, 7486.65, 8211.03, 8211.02, 7494.93
38275, 8211.44, 7495.8, 8222.07, 8222.06, 7504.1
38225, 8222.47, 7504.96, 8233.12, 8233.11, 7513.28
38175, 8233.51, 7514.13, 8244.19, 8244.18, 7522.47
38125, 8244.56, 7523.31, 8255.27, 8255.27, 7531.66
38075, 8255.63, 7532.5, 8266.37, 8266.36, 7540.87
38025, 8266.72, 7541.69, 8277.48, 8277.48, 7550.09
37975, 8277.82, 7550.9, 8288.61, 8288.6, 7559.32
37925, 8288.93, 7560.12, 8299.75, 8299.75, 7568.56
37875, 8300.06, 7569.35, 8310.91, 8310.9, 7577.81
37825, 8311.2, 7578.59, 8322.08, 8322.07, 7587.07
37775, 8322.36, 7587.84, 8333.27, 8333.26, 7596.34
37725, 8333.53, 7597.1, 8344.47, 8344.46, 7605.61
37675, 8344.71, 7606.37, 8355.68, 8355.68, 7614.9
37625, 8355.91, 7615.64, 8366.91, 8366.91, 7624.2
37575, 8367.13, 7624.93, 8378.16, 8378.15, 7633.51
37525, 8378.36, 7634.23, 8389.42, 8389.41, 7642.83
37475, 8389.61, 7643.54, 8400.7, 8400.69, 7652.16
37425, 8400.87, 7652.86, 8411.99, 8411.98, 7661.49
37375, 8412.15, 7662.19, 8423.29, 8423.29, 7670.84
37325, 8423.44, 7671.52, 8434.61, 8434.61, 7680.2
37275, 8434.74, 7680.87, 8445.95, 8445.95, 7689.57
37225, 8446.07, 7690.23, 8457.3, 8457.3, 7698.95
37175, 8457.4, 7699.6, 8468.67, 8468.66, 7708.34
37125, 8468.75, 7708.98, 8480.05, 8480.05, 7717.74
37075, 8480.12, 7718.37, 8491.45, 8491.45, 7727.15
37025, 8491.51, 7727.77, 8502.86, 8502.86, 7736.57
36975, 8502.9, 7737.18, 8514.29, 8514.29, 7746
36925, 8514.32, 7746.6, 8525.74, 8525.73, 7755.44
36875, 8525.75, 7756.03, 8537.2, 8537.19, 7764.89
36825, 8537.19, 7765.47, 8548.67, 8548.67, 7774.36
36775, 8548.65, 7774.92, 8560.16, 8560.16, 7783.83
36725, 8560.13, 7784.38, 8571.67, 8571.66, 7793.31
36675, 8571.62, 7793.86, 8583.19, 8583.19, 7802.8
36625, 8583.12, 7803.34, 8594.73, 8594.72, 7812.31
36575, 8594.65, 7812.83, 8606.28, 8606.28, 7821.82
36525, 8606.19, 7822.34, 8617.85, 8617.85, 7831.35
36475, 8617.74, 7831.85, 8629.44, 8629.43, 7840.88
36425, 8629.31, 7841.38, 8641.04, 8641.04, 7850.43
36375, 8640.9, 7850.91, 8652.66, 8652.65, 7859.98
36325, 8652.5, 7860.46, 8664.29, 8664.29, 7869.55
36275, 8664.12, 7870.01, 8675.94, 8675.94, 7879.13
36225, 8675.75, 7879.58, 8687.61, 8687.6, 7888.72
36175, 8687.4, 7889.16, 8699.29, 8699.28, 7898.32
36125, 8699.07, 7898.75, 8710.99, 8710.98, 7907.93
36075, 8710.75, 7908.35, 8722.7, 8722.7, 7917.55
36025, 8722.45, 7917.96, 8734.43, 8734.43, 7927.18
35975, 8734.16, 7927.58, 8746.18, 8746.17, 7936.82
35925, 8745.89, 7937.21, 8757.94, 8757.94, 7946.48
35875, 8757.64, 7946.85, 8769.72, 8769.72, 7956.14
35825, 8769.4, 7956.51, 8781.52, 8781.51, 7965.82
35775, 8781.19, 7966.17, 8793.33, 8793.33, 7975.5
35725, 8792.98, 7975.85, 8805.16, 8805.16, 7985.2
35675, 8804.8, 7985.53, 8817.01, 8817, 7994.91
35625, 8816.62, 7995.23, 8828.87, 8828.86, 8004.63
35575, 8828.47, 8004.94, 8840.75, 8840.74, 8014.36
35525, 8840.33, 8014.66, 8852.65, 8852.64, 8024.1
35475, 8852.21, 8024.39, 8864.56, 8864.55, 8033.85
35425, 8864.11, 8034.13, 8876.49, 8876.48, 8043.62
35375, 8876.02, 8043.89, 8888.44, 8888.43, 8053.39
35325, 8887.95, 8053.65, 8900.4, 8900.39, 8063.18
35275, 8899.9, 8063.42, 8912.38, 8912.37, 8072.98
35225, 8911.87, 8073.21, 8924.38, 8924.37, 8082.79
35175, 8923.85, 8083.01, 8936.39, 8936.39, 8092.61
35125, 8935.84, 8092.82, 8948.42, 8948.42, 8102.44
35075, 8947.86, 8102.64, 8960.47, 8960.47, 8112.28
35025, 8959.89, 8112.47, 8972.54, 8972.53, 8122.13
34975, 8971.94, 8122.31, 8984.62, 8984.62, 8132
34925, 8984.01, 8132.17, 8996.72, 8996.72, 8141.88
34875, 8996.09, 8142.03, 9008.84, 9008.84, 8151.77
34825, 9008.19, 8151.91, 9020.98, 9020.97, 8161.67
34775, 9020.31, 8161.8, 9033.13, 9033.12, 8171.58
34725, 9032.45, 8171.7, 9045.3, 9045.3, 8181.5
34675, 9044.6, 8181.61, 9057.49, 9057.48, 8191.43
34625, 9056.77, 8191.54, 9069.7, 9069.69, 8201.38
34575, 9068.96, 8201.47, 9081.92, 9081.91, 8211.34
34525, 9081.17, 8211.42, 9094.16, 9094.15, 8221.31
34475, 9093.39, 8221.38, 9106.42, 9106.41, 8231.29
34425, 9105.64, 8231.35, 9118.7, 9118.69, 8241.28
34375, 9117.89, 8241.33, 9130.99, 9130.99, 8251.29
34325, 9130.17, 8251.32, 9143.3, 9143.3, 8261.31
34275, 9142.47, 8261.33, 9155.64, 9155.63, 8271.33
34225, 9154.78, 8271.35, 9167.98, 9167.98, 8281.38
34175, 9167.11, 8281.37, 9180.35, 9180.35, 8291.43
34125, 9179.46, 8291.42, 9192.74, 9192.73, 8301.49
34075, 9191.83, 8301.47, 9205.14, 9205.13, 8311.57
34025, 9204.22, 8311.53, 9217.56, 9217.56, 8321.66
33975, 9216.62, 8321.61, 9230, 9230, 8331.76
33925, 9229.04, 8331.7, 9242.46, 9242.45, 8341.87
33875, 9241.48, 8341.8, 9254.94, 9254.93, 8351.99
33825, 9253.94, 8351.91, 9267.43, 9267.43, 8362.13
33775, 9266.42, 8362.04, 9279.95, 9279.94, 8372.28
33725, 9278.91, 8372.18, 9292.48, 9292.47, 8382.44
33675, 9291.43, 8382.33, 9305.03, 9305.02, 8392.61
33625, 9303.96, 8392.49, 9317.6, 9317.59, 8402.8
33575, 9316.51, 8402.66, 9330.19, 9330.18, 8413
33525, 9329.08, 8412.85, 9342.79, 9342.79, 8423.21
33475, 9341.67, 8423.05, 9355.42, 9355.41, 8433.43
33425, 9354.28, 8433.26, 9368.07, 9368.06, 8443.67
33375, 9366.91, 8443.48, 9380.73, 9380.72, 8453.91
33325, 9379.55, 8453.72, 9393.41, 9393.41, 8464.17
33275, 9392.22, 8463.96, 9406.11, 9406.11, 8474.45
33225, 9404.9, 8474.22, 9418.84, 9418.83, 8484.73
33175, 9417.6, 8484.5, 9431.58, 9431.57, 8495.03
33125, 9430.33, 8494.78, 9444.34, 9444.33, 8505.34
33075, 9443.07, 8505.08, 9457.12, 9457.11, 8515.66
33025, 9455.83, 8515.39, 9469.91, 9469.91, 8526
32975, 9468.61, 8525.72, 9482.73, 9482.72, 8536.34
32925, 9481.41, 8536.05, 9495.57, 9495.56, 8546.71
32875, 9494.22, 8546.4, 9508.43, 9508.42, 8557.08
32825, 9507.06, 8556.76, 9521.3, 9521.3, 8567.47
32775, 9519.92, 8567.14, 9534.2, 9534.19, 8577.86
32725, 9532.8, 8577.52, 9547.11, 9547.11, 8588.28
32675, 9545.69, 8587.92, 9560.05, 9560.04, 8598.7
32625, 9558.61, 8598.34, 9573.01, 9573, 8609.14
32575, 9571.55, 8608.76, 9585.98, 9585.97, 8619.59
32525, 9584.5, 8619.2, 9598.98, 9598.97, 8630.06
32475, 9597.48, 8629.65, 9611.99, 9611.99, 8640.53
32425, 9610.48, 8640.12, 9625.03, 9625.02, 8651.02
32375, 9623.49, 8650.6, 9638.08, 9638.08, 8661.53
32325, 9636.53, 8661.09, 9651.16, 9651.15, 8672.04
32275, 9649.59, 8671.59, 9664.26, 9664.25, 8682.57
32225, 9662.66, 8682.11, 9677.37, 9677.37, 8693.11
32175, 9675.76, 8692.64, 9690.51, 9690.5, 8703.67
32125, 9688.88, 8703.18, 9703.67, 9703.66, 8714.24
32075, 9702.02, 8713.74, 9716.85, 9716.84, 8724.82
32025, 9715.18, 8724.31, 9730.05, 9730.04, 8735.42
31975, 9728.35, 8734.9, 9743.27, 9743.26, 8746.03
31925, 9741.55, 8745.49, 9756.51, 9756.5, 8756.65
31875, 9754.78, 8756.1, 9769.77, 9769.76, 8767.29
31825, 9768.02, 8766.73, 9783.05, 9783.04, 8777.94
31775, 9781.28, 8777.37, 9796.35, 9796.34, 8788.6
31725, 9794.56, 8788.02, 9809.68, 9809.67, 8799.28
31675, 9807.87, 8798.68, 9823.02, 9823.01, 8809.97
31625, 9821.19, 8809.36, 9836.39, 9836.38, 8820.68
31575, 9834.54, 8820.05, 9849.77, 9849.77, 8831.4
31525, 9847.9, 8830.76, 9863.18, 9863.18, 8842.13
31475, 9861.29, 8841.48, 9876.61, 9876.61, 8852.87
31425, 9874.7, 8852.21, 9890.06, 9890.06, 8863.63
31375, 9888.13, 8862.96, 9903.54, 9903.53, 8874.41
31325, 9901.58, 8873.72, 9917.03, 9917.02, 8885.2
31275, 9915.06, 8884.5, 9930.55, 9930.54, 8896
31225, 9928.55, 8895.28, 9944.09, 9944.08, 8906.81
31175, 9942.07, 8906.09, 9957.64, 9957.64, 8917.64
31125, 9955.61, 8916.91, 9971.23, 9971.22, 8928.49
31075, 9969.17, 8927.74, 9984.83, 9984.82, 8939.35
31025, 9982.75, 8938.58, 9998.45, 9998.45, 8950.22
30975, 9996.36, 8949.44, 10012.1, 10012.1, 8961.1
30925, 10010, 8960.31, 10025.8, 10025.8, 8972
30875, 10023.6, 8971.2, 10039.5, 10039.5, 8982.92
30825, 10037.3, 8982.11, 10053.2, 10053.2, 8993.85
30775, 10051, 8993.02, 10066.9, 10066.9, 9004.79
30725, 10064.7, 9003.95, 10080.7, 10080.7, 9015.75
30675, 10078.4, 9014.9, 10094.5, 10094.4, 9026.72
30625, 10092.2, 9025.86, 10108.3, 10108.2, 9037.71
30575, 10106, 9036.83, 10122.1, 10122.1, 9048.71
30525, 10119.8, 9047.82, 10135.9, 10135.9, 9059.73
30475, 10133.6, 9058.82, 10149.8, 10149.8, 9070.76
30425, 10147.5, 9069.84, 10163.7, 10163.7, 9081.81
30375, 10161.3, 9080.88, 10177.6, 10177.6, 9092.87
30325, 10175.2, 9091.92, 10191.6, 10191.5, 9103.94
30275, 10189.2, 9102.99, 10205.5, 10205.5, 9115.03
30225, 10203.1, 9114.06, 10219.5, 10219.5, 9126.14
30175, 10217.1, 9125.15, 10233.5, 10233.5, 9137.26
30125, 10231.1, 9136.26, 10247.5, 10247.5, 9148.39
30075, 10245.1, 9147.38, 10261.6, 10261.6, 9159.54
30025, 10259.1, 9158.52, 10275.7, 10275.7, 9170.71
29975, 10273.2, 9169.67, 10289.8, 10289.8, 9181.89
29925, 10287.2, 9180.84, 10303.9, 10303.9, 9193.08
29875, 10301.3, 9192.02, 10318.1, 10318.1, 9204.29
29825, 10315.5, 9203.22, 10332.2, 10332.2, 9215.52
29775, 10329.6, 9214.43, 10346.4, 10346.4, 9226.76
29725, 10343.8, 9225.66, 10360.7, 10360.6, 9238.02
29675, 10358, 9236.9, 10374.9, 10374.9, 9249.29
29625, 10372.2, 9248.16, 10389.2, 10389.2, 9260.57
29575, 10386.5, 9259.43, 10403.5, 10403.5, 9271.88
29525, 10400.7, 9270.72, 10417.8, 10417.8, 9283.19
29475, 10415, 9282.03, 10432.1, 10432.1, 9294.53
29425, 10429.4, 9293.35, 10446.5, 10446.5, 9305.88
29375, 10443.7, 9304.68, 10460.9, 10460.9, 9317.24
29325, 10458.1, 9316.03, 10475.3, 10475.3, 9328.62
29275, 10472.5, 9327.4, 10489.7, 10489.7, 9340.02
29225, 10486.9, 9338.78, 10504.2, 10504.2, 9351.43
29175, 10501.3, 9350.18, 10518.7, 10518.7, 9362.86
29125, 10515.8, 9361.59, 10533.2, 10533.2, 9374.3
29075, 10530.3, 9373.02, 10547.8, 10547.7, 9385.76
29025, 10544.8, 9384.47, 10562.3, 10562.3, 9397.24
28975, 10559.3, 9395.93, 10576.9, 10576.9, 9408.73
28925, 10573.9, 9407.41, 10591.5, 10591.5, 9420.24
28875, 10588.5, 9418.91, 10606.2, 10606.2, 9431.76
28825, 10603.1, 9430.42, 10620.8, 10620.8, 9443.3
28775, 10617.8, 9441.94, 10635.5, 10635.5, 9454.86
28725, 10632.4, 9453.48, 10650.3, 10650.2, 9466.43
28675, 10647.1, 9465.04, 10665, 10665, 9478.02
28625, 10661.9, 9476.62, 10679.8, 10679.8, 9489.63
28575, 10676.6, 9488.21, 10694.6, 10694.5, 9501.25
28525, 10691.4, 9499.82, 10709.4, 10709.4, 9512.89
28475, 10706.2, 9511.44, 10724.2, 10724.2, 9524.54
28425, 10721, 9523.09, 10739.1, 10739.1, 9536.21
28375, 10735.8, 9534.74, 10754, 10754, 9547.9
28325, 10750.7, 9546.42, 10768.9, 10768.9, 9559.61
28275, 10765.6, 9558.11, 10783.9, 10783.9, 9571.33
28225, 10780.5, 9569.82, 10798.9, 10798.9, 9583.07
28175, 10795.5, 9581.54, 10813.9, 10813.9, 9594.82
28125, 10810.5, 9593.28, 10828.9, 10828.9, 9606.6
28075, 10825.5, 9605.04, 10844, 10843.9, 9618.39
28025, 10840.5, 9616.82, 10859, 10859, 9630.19
27975, 10855.6, 9628.61, 10874.2, 10874.1, 9642.02
27925, 10870.7, 9640.42, 10889.3, 10889.3, 9653.86
27875, 10885.8, 9652.25, 10904.5, 10904.5, 9665.71
27825, 10900.9, 9664.09, 10919.7, 10919.7, 9677.59
27775, 10916.1, 9675.95, 10934.9, 10934.9, 9689.48
27725, 10931.3, 9687.83, 10950.1, 10950.1, 9701.39
27675, 10946.5, 9699.72, 10965.4, 10965.4, 9713.32
27625, 10961.8, 9711.64, 10980.7, 10980.7, 9725.26
27575, 10977.1, 9723.57, 10996.1, 10996, 9737.23
27525, 10992.4, 9735.52, 11011.4, 11011.4, 9749.21
27475, 11007.7, 9747.48, 11026.8, 11026.8, 9761.21
27425, 11023.1, 9759.47, 11042.2, 11042.2, 9773.22
27375, 11038.5, 9771.47, 11057.7, 11057.7, 9785.25
27325, 11053.9, 9783.49, 11073.1, 11073.1, 9797.3
27275, 11069.3, 9795.52, 11088.6, 11088.6, 9809.37
27225, 11084.8, 9807.58, 11104.2, 11104.2, 9821.46
27175, 11100.3, 9819.65, 11119.7, 11119.7, 9833.57
27125, 11115.8, 9831.74, 11135.3, 11135.3, 9845.69
27075, 11131.4, 9843.85, 11150.9, 11150.9, 9857.83
27025, 11147, 9855.98, 11166.6, 11166.6, 9869.99
26975, 11162.6, 9868.12, 11182.3, 11182.2, 9882.17
26925, 11178.3, 9880.28, 11198, 11197.9, 9894.36
26875, 11193.9, 9892.46, 11213.7, 11213.7, 9906.58
26825, 11209.6, 9904.66, 11229.5, 11229.4, 9918.81
26775, 11225.4, 9916.88, 11245.2, 11245.2, 9931.06
26725, 11241.2, 9929.12, 11261.1, 11261.1, 9943.33
26675, 11256.9, 9941.37, 11276.9, 11276.9, 9955.62
26625, 11272.8, 9953.65, 11292.8, 11292.8, 9967.93
26575, 11288.6, 9965.94, 11308.7, 11308.7, 9980.25
26525, 11304.5, 9978.25, 11324.7, 11324.6, 9992.6
26475, 11320.4, 9990.58, 11340.6, 11340.6, 10005
